 ** 
Add Media
Create Slideshow
Delete
Add Media
Insert
Add Tracks
Lift & Insert Selection
Undo Lift & Insert Selection
Add Tracks
Lift & Insert Selection
Delete and Close Gap
Lift & Insert Selection
Split Clip
Delete
Lift & Insert Selection
Insert
Undo Insert
Undo Lift & Insert Selection
Undo Delete
Undo Split Clip
Undo Lift & Insert Selection
Undo Delete and Close Gap
Undo Lift & Insert Selection
Lift & Insert Selection
Delete and Close Gap
Lift & Insert Selection
Split Clip
Split Clip
Delete
Lift & Insert Selection
Split Clip
Delete
Lift & Insert Selection
