 ** 
 ** 
Add Media
Insert
Add Media
Insert
Undo Insert
Insert
Extract & Insert Selection
Extract & Insert Selection
Extract & Insert Selection
Extract & Insert Selection
Extract & Insert Selection
Extract & Insert Selection
Extract & Insert Selection
Extract & Insert Selection
Extract & Insert Selection
Split Clip
Extract & Insert Selection
Split Clip
Extract & Insert Selection
Undo Extract & Insert Selection
Undo Split Clip
Split Clip
Extract & Insert Selection
Extract & Insert Selection
Extract & Insert Selection
Extract & Insert Selection
Extract & Insert Selection
Extract & Insert Selection
Extract & Insert Selection
Extract & Insert Selection
Add Media
Insert
Extract & Insert Selection
Extract & Insert Selection
Extract & Insert Selection
Extract & Insert Selection
Extract & Insert Selection
Extract & Insert Selection
Extract & Insert Selection
Split Clip
Extract & Insert Selection
Extract & Insert Selection
Extract & Insert Selection
Extract & Insert Selection
Extract & Insert Selection
Extract & Insert Selection
Extract & Insert Selection
Extract & Insert Selection
Undo Extract & Insert Selection
Undo Extract & Insert Selection
Undo Extract & Insert Selection
Extract & Insert Selection
Extract & Insert Selection
Undo Extract & Insert Selection
Undo Extract & Insert Selection
Split Clip
Undo Split Clip
Delete
Delete
Delete
Delete
Delete
Delete
Add Media
Insert
Extract & Insert Selection
Add Media
Insert
Delete
Extract & Insert Selection
Undo Extract & Insert Selection
Undo Delete
Undo Insert
Undo Add Media
Undo Extract & Insert Selection
Undo Insert
Undo Add Media
Redo Add Media
Redo Insert
Redo Extract & Insert Selection
Redo Add Media
Undo Add Media
Undo Extract & Insert Selection
Redo Extract & Insert Selection
Redo Add Media
Redo Insert
Redo Delete
Redo Extract & Insert Selection
Split Clip
Extract & Insert Selection
Undo Extract & Insert Selection
Split Clip
Extract & Insert Selection
Undo Extract & Insert Selection
Split Clip
Extract & Insert Selection
Split Clip
Undo Split Clip
Undo Extract & Insert Selection
Undo Split Clip
Undo Split Clip
Redo Split Clip
Redo Split Clip
Redo Extract & Insert Selection
Undo Extract & Insert Selection
Undo Split Clip
Undo Split Clip
Undo Split Clip
Redo Split Clip
Redo Split Clip
Redo Split Clip
Redo Extract & Insert Selection
Redo Split Clip
Extract & Insert Selection
Add Media
Insert
Extract & Insert Selection
Split Clip
Extract & Insert Selection
Extract & Insert Selection
Extract & Insert Selection
Extract & Insert Selection
Extract & Insert Selection
Extract & Insert Selection
Extract & Insert Selection
Extract & Insert Selection
Extract & Insert Selection
Undo Extract & Insert Selection
Undo Extract & Insert Selection
Extract & Insert Selection
Extract & Insert Selection
Trim
Trim
Undo Trim
Undo Trim
Trim
Trim
Trim
Extract & Insert Selection
Delete
Delete
Extract & Insert Selection
Split Clip
Extract & Insert Selection
Split Clip
Extract & Insert Selection
Split Clip
Split Clip
Extract & Insert Selection
Undo Extract & Insert Selection
Undo Split Clip
Undo Split Clip
Undo Extract & Insert Selection
Undo Split Clip
Undo Extract & Insert Selection
Redo Extract & Insert Selection
Redo Split Clip
Redo Extract & Insert Selection
Undo Extract & Insert Selection
Extract & Insert Selection
Extract & Insert Selection
Extract & Insert Selection
Trim
Extract & Insert Selection
Add Media
Insert
Extract & Insert Selection
Split Clip
Extract & Insert Selection
Extract & Insert Selection
Extract & Insert Selection
Extract & Insert Selection
Extract & Insert Selection
Split Clip
Extract & Insert Selection
Extract & Insert Selection
Extract & Insert Selection
Extract & Insert Selection
Extract & Insert Selection
Extract & Insert Selection
Insert
Extract & Insert Selection
Split Clip
Extract & Insert Selection
Extract & Insert Selection
Extract & Insert Selection
Trim
Extract & Insert Selection
Trim
Trim
Trim
Trim
Trim
Extract & Insert Selection
Extract & Insert Selection
Undo Extract & Insert Selection
Undo Extract & Insert Selection
Undo Trim
Split Clip
Undo Split Clip
Trim
Trim
Lift & Insert Selection
Lift & Insert Selection
Lift & Insert Selection
Lift & Insert Selection
Ripple Trim
Undo Ripple Trim
Lift & Insert Selection
Lift & Insert Selection
Lift & Insert Selection
Lift & Insert Selection
Lift & Insert Selection
Split Clip
Lift & Insert Selection
Lift & Insert Selection
Lift & Insert Selection
Delete and Close Gap
Lift & Insert Selection
Lift & Insert Selection
Lift & Insert Selection
Split Clip
Lift & Insert Selection
Lift & Insert Selection
Lift & Insert Selection
Lift & Insert Selection
Lift & Insert Selection
Split Clip
Split Clip
Lift & Insert Selection
Split Clip
Lift & Insert Selection
Undo Lift & Insert Selection
Undo Split Clip
Split Clip
Split Clip
Split Clip
Lift & Insert Selection
Split Clip
Split Clip
Lift & Insert Selection
Split Clip
Lift & Insert Selection
Undo Lift & Insert Selection
Split Clip
Split Clip
Lift & Insert Selection
Lift & Insert Selection
Ripple Trim
Ripple Trim
Lift & Insert Selection
Undo Lift & Insert Selection
Undo Ripple Trim
Undo Ripple Trim
Undo Lift & Insert Selection
Lift & Insert Selection
Lift & Insert Selection
Lift & Insert Selection
Lift & Insert Selection
Split Clip
Lift & Insert Selection
Lift & Insert Selection
Lift & Insert Selection
Lift & Insert Selection
Lift & Insert Selection
Lift & Insert Selection
Lift & Insert Selection
Lift & Insert Selection
Insert
Lift & Insert Selection
Lift & Insert Selection
Split Clip
Lift & Insert Selection
Lift & Insert Selection
Lift & Insert Selection
Lift & Insert Selection
Undo Lift & Insert Selection
Undo Lift & Insert Selection
Redo Lift & Insert Selection
Lift & Insert Selection
Undo Lift & Insert Selection
Lift & Insert Selection
Undo Lift & Insert Selection
Undo Lift & Insert Selection
Undo Lift & Insert Selection
Redo Lift & Insert Selection
Redo Lift & Insert Selection
Redo Lift & Insert Selection
Undo Lift & Insert Selection
Delete
Insert
Insert
Lift & Insert Selection
Insert
Ripple Trim
Trim
Lift & Insert Selection
Lift & Insert Selection
Lift & Insert Selection
Split Clip
Lift & Insert Selection
Lift & Insert Selection
Trim
Lift & Insert Selection
Lift & Insert Selection
Lift & Insert Selection
Lift & Insert Selection
Add Keyframe
Add Keyframe
Move Keyframes
Add Keyframe
Add Keyframe
Move Keyframes
Move Keyframes
Lift & Insert Selection
Lift & Insert Selection
Lift & Insert Selection
Lift & Insert Selection
Lift & Insert Selection
Lift & Insert Selection
Lift & Insert Selection
Add Keyframe
Add Keyframe
Move Keyframes
Undo Move Keyframes
Undo Add Keyframe
Undo Add Keyframe
Lift & Insert Selection
Add Media
Insert
Ripple Trim
Add Media
Insert
Add Media
Insert
Undo Insert
Undo Add Media
Redo Add Media
Redo Insert
Undo Insert
Insert
Undo Insert
Insert
Undo Insert
Undo Add Media
Redo Add Media
Add Keyframe
Ripple Trim
Undo Ripple Trim
Add Keyframe
Move Keyframes
Move Keyframes
Undo Move Keyframes
Undo Move Keyframes
Delete and Close Gap
Insert
Ripple Trim
Ripple Trim
Move Parameter Segment
Undo Move Parameter Segment
Add Keyframe
Add Keyframe
Add Media
Insert
Lift & Insert Selection
Type tool (Default Text)
Color Properties (Default Text)
Undo Color Properties (Default Text)
Undo Type tool (Default Text)
Edit TitleDefault Text (Default Text)
Undo Edit TitleDefault Text (Default Text)
Undo Lift & Insert Selection
Redo Lift & Insert Selection
Redo Edit TitleDefault Text (Default Text)
Undo Edit TitleDefault Text (Default Text)
Undo Lift & Insert Selection
Redo Lift & Insert Selection
Redo Edit TitleDefault Text (Default Text)
Undo Edit TitleDefault Text (Default Text)
Undo Lift & Insert Selection
Lift & Insert Selection
Undo Lift & Insert Selection
Lift & Insert Selection
Selection Tool (Default Text)
Type tool (Default Text)
Delete
Trim
Move Parameter Segment
Selection Tool (Default Text)
Move Parameter Segment
Move Parameter Segment
Move Parameter Segment
Lift & Insert Selection
Lift & Insert Selection
Ripple Trim
Undo Ripple Trim
Lift & Insert Selection
Lift & Insert Selection
Trim
Undo Trim
Lift & Insert Selection
Undo Lift & Insert Selection
Move Parameter Segment
Lift & Insert Selection
Undo Lift & Insert Selection
Undo Move Parameter Segment
Undo Lift & Insert Selection
Undo Lift & Insert Selection
Undo Lift & Insert Selection
Undo Lift & Insert Selection
Split Clip
Split Clip
Lift & Insert Selection
Lift & Insert Selection
Lift & Insert Selection
Undo Lift & Insert Selection
Undo Lift & Insert Selection
Undo Lift & Insert Selection
Lift & Insert Selection
Lift & Insert Selection
Split Clip
Split Clip
Split Clip
Split Clip
Move Parameter Segment
Move Parameter Segment
Lift & Insert Selection
Lift & Insert Selection
Lift & Insert Selection
Lift & Insert Selection
Lift & Insert Selection
Lift & Insert Selection
Ripple Trim
Lift & Insert Selection
Ripple Trim
Lift & Insert Selection
Lift & Insert Selection
Lift & Insert Selection
Lift & Insert Selection
Trim
Lift & Insert Selection
Lift & Insert Selection
Lift & Insert Selection
Lift & Insert Selection
Lift & Insert Selection
Lift & Insert Selection
Lift & Insert Selection
Lift & Insert Selection
Undo Lift & Insert Selection
Undo Lift & Insert Selection
Undo Lift & Insert Selection
Redo Lift & Insert Selection
Redo Lift & Insert Selection
Redo Lift & Insert Selection
Undo Lift & Insert Selection
Undo Lift & Insert Selection
Undo Lift & Insert Selection
Undo Lift & Insert Selection
Undo Lift & Insert Selection
Redo Lift & Insert Selection
Redo Lift & Insert Selection
Redo Lift & Insert Selection
Split Clip
Lift & Insert Selection
Lift & Insert Selection
Lift & Insert Selection
Set Audio Gain
Group Clips
Undo Group Clips
Undo Set Audio Gain
Undo Lift & Insert Selection
Redo Lift & Insert Selection
Change Clip Speed
Undo Change Clip Speed
Change Clip Speed
Undo Change Clip Speed
Change Clip Speed
Undo Change Clip Speed
Change Clip Speed
Undo Change Clip Speed
Change Clip Speed
Undo Change Clip Speed
Change Clip Speed
Split Clip
Lift & Insert Selection
Lift & Insert Selection
Lift & Insert Selection
Undo Lift & Insert Selection
Lift & Insert Selection
Undo Lift & Insert Selection
Lift & Insert Selection
Lift & Insert Selection
Lift & Insert Selection
Trim
Trim
Undo Trim
Undo Trim
Trim
Lift & Insert Selection
Split Clip
Lift & Insert Selection
Lift & Insert Selection
Undo Lift & Insert Selection
Undo Lift & Insert Selection
Undo Split Clip
Split Clip
Lift & Insert Selection
Lift & Insert Selection
Split Clip
Trim
Delete
Lift & Insert Selection
Undo Lift & Insert Selection
Undo Delete
Undo Trim
Undo Split Clip
Redo Split Clip
Lift & Insert Selection
Lift & Insert Selection
Undo Lift & Insert Selection
Undo Lift & Insert Selection
Undo Split Clip
Split Clip
Split Clip
Lift & Insert Selection
Undo Lift & Insert Selection
Undo Split Clip
Undo Split Clip
Redo Split Clip
Redo Split Clip
Redo Lift & Insert Selection
Undo Lift & Insert Selection
Undo Split Clip
Split Clip
Lift & Insert Selection
Lift & Insert Selection
Delete and Close Gap
Lift & Insert Selection
Lift & Insert Selection
Lift & Insert Selection
Lift & Insert Selection
Move Parameter Segment
Lift & Insert Selection
Move Parameter Segment
Move Parameter Segment
Move Parameter Segment
Change Clip Speed
Undo Change Clip Speed
Change Clip Speed
Change Clip Speed
Lift & Insert Selection
Lift & Insert Selection
Move Parameter Segment
Lift & Insert Selection
Move Parameter Segment
Split Clip
Change Clip Speed
Lift & Insert Selection
Split Clip
Change Clip Speed
Lift & Insert Selection
Lift & Insert Selection
Change Clip Speed
Lift & Insert Selection
Move Parameter Segment
Move Parameter Segment
Move Parameter Segment
Move Parameter Segment
Move Parameter Segment
Delete
Delete
Trim
Undo Trim
Lift & Insert Selection
Undo Lift & Insert Selection
Lift & Insert Selection
Move Parameter Segment
Lift & Insert Selection
Lift & Insert Selection
Split Clip
Lift & Insert Selection
Lift & Insert Selection
Lift & Insert Selection
Lift & Insert Selection
Lift & Insert Selection
Lift & Insert Selection
Lift & Insert Selection
Lift & Insert Selection
Undo Lift & Insert Selection
Undo Lift & Insert Selection
Undo Lift & Insert Selection
Undo Lift & Insert Selection
Undo Lift & Insert Selection
Undo Lift & Insert Selection
Undo Lift & Insert Selection
Undo Lift & Insert Selection
Undo Split Clip
Redo Split Clip
Undo Split Clip
Redo Split Clip
Lift & Insert Selection
Split Clip
Lift & Insert Selection
Lift & Insert Selection
Move Parameter Segment
Move Parameter Segment
Lift & Insert Selection
Lift & Insert Selection
Lift & Insert Selection
Lift & Insert Selection
Split Clip
Lift & Insert Selection
Lift & Insert Selection
Lift & Insert Selection
Split Clip
Lift & Insert Selection
Move Parameter Segment
Lift & Insert Selection
Lift & Insert Selection
Lift & Insert Selection
Lift & Insert Selection
Lift & Insert Selection
Lift & Insert Selection
Split Clip
Lift & Insert Selection
Lift & Insert Selection
Undo Lift & Insert Selection
Undo Lift & Insert Selection
Undo Split Clip
Undo Lift & Insert Selection
Undo Lift & Insert Selection
Undo Lift & Insert Selection
Undo Lift & Insert Selection
Undo Lift & Insert Selection
Undo Lift & Insert Selection
Undo Move Parameter Segment
Undo Lift & Insert Selection
Undo Split Clip
Undo Lift & Insert Selection
Undo Lift & Insert Selection
Undo Lift & Insert Selection
Undo Split Clip
Undo Lift & Insert Selection
Undo Lift & Insert Selection
Undo Lift & Insert Selection
Undo Lift & Insert Selection
Undo Move Parameter Segment
Undo Move Parameter Segment
Undo Lift & Insert Selection
Undo Lift & Insert Selection
Undo Split Clip
Undo Lift & Insert Selection
Undo Split Clip
Undo Lift & Insert Selection
Undo Lift & Insert Selection
Undo Move Parameter Segment
Undo Lift & Insert Selection
Redo Lift & Insert Selection
Undo Lift & Insert Selection
Undo Delete
Redo Delete
Redo Lift & Insert Selection
Redo Move Parameter Segment
Redo Lift & Insert Selection
Redo Lift & Insert Selection
Redo Split Clip
Redo Lift & Insert Selection
Redo Split Clip
Redo Lift & Insert Selection
Redo Lift & Insert Selection
Redo Move Parameter Segment
Redo Move Parameter Segment
Redo Lift & Insert Selection
Redo Lift & Insert Selection
Redo Lift & Insert Selection
Redo Lift & Insert Selection
Redo Split Clip
Redo Lift & Insert Selection
Redo Lift & Insert Selection
Redo Lift & Insert Selection
Redo Split Clip
Redo Lift & Insert Selection
Redo Move Parameter Segment
Redo Lift & Insert Selection
Redo Lift & Insert Selection
Redo Lift & Insert Selection
Redo Lift & Insert Selection
Redo Lift & Insert Selection
Redo Lift & Insert Selection
Redo Split Clip
Redo Lift & Insert Selection
Redo Lift & Insert Selection
Undo Lift & Insert Selection
Undo Lift & Insert Selection
Redo Lift & Insert Selection
Lift & Insert Selection
Lift & Insert Selection
Lift & Insert Selection
Lift & Insert Selection
Lift & Insert Selection
Add Keyframe
Add Keyframe
Move Keyframes
Change Clip Speed
Change Clip Speed
Lift & Insert Selection
Lift & Insert Selection
Split Clip
Lift & Insert Selection
Change Clip Speed
Undo Change Clip Speed
Lift & Insert Selection
Lift & Insert Selection
Undo Lift & Insert Selection
Move Parameter Segment
Lift & Insert Selection
Undo Lift & Insert Selection
Redo Lift & Insert Selection
Undo Lift & Insert Selection
Undo Move Parameter Segment
Undo Lift & Insert Selection
Undo Lift & Insert Selection
Undo Split Clip
Redo Split Clip
Redo Lift & Insert Selection
Redo Lift & Insert Selection
Redo Move Parameter Segment
Undo Move Parameter Segment
Redo Move Parameter Segment
Redo Lift & Insert Selection
Undo Lift & Insert Selection
Lift & Insert Selection
Change Clip Speed
Undo Change Clip Speed
Undo Lift & Insert Selection
Redo Lift & Insert Selection
Split Clip
Change Clip Speed
Change Clip Speed
Change Clip Speed
Undo Change Clip Speed
Undo Change Clip Speed
Undo Change Clip Speed
Undo Split Clip
Change Clip Speed
Change Clip Speed
Move Keyframes
Lift & Insert Selection
Trim
Move Parameter Segment
Move Parameter Segment
Lift & Insert Selection
Move Parameter Segment
Undo Move Parameter Segment
Undo Lift & Insert Selection
Lift & Insert Selection
Trim
Undo Trim
Lift & Insert Selection
Lift & Insert Selection
Lift & Insert Selection
Move Parameter Segment
Split Clip
Change Clip Speed
Change Clip Speed
Change Clip Speed
Trim
Lift & Insert Selection
Trim
Lift & Insert Selection
Undo Lift & Insert Selection
Lift & Insert Selection
Change Clip Speed
Lift & Insert Selection
Ripple Trim
Undo Ripple Trim
Undo Lift & Insert Selection
Undo Change Clip Speed
Undo Lift & Insert Selection
Undo Trim
Undo Lift & Insert Selection
Undo Trim
Undo Change Clip Speed
Undo Change Clip Speed
Undo Change Clip Speed
Undo Split Clip
Undo Move Parameter Segment
Undo Lift & Insert Selection
Undo Lift & Insert Selection
Undo Lift & Insert Selection
Undo Lift & Insert Selection
Split Clip
Lift & Insert Selection
Lift & Insert Selection
Lift & Insert Selection
Move Parameter Segment
Paste
Lift & Insert Selection
Delete
Trim
Paste
Lift & Insert Selection
Lift & Insert Selection
Lift & Insert Selection
Lift & Insert Selection
Lift & Insert Selection
Split Clip
Split Clip
Split Clip
Lift & Insert Selection
Lift & Insert Selection
Lift & Insert Selection
Undo Lift & Insert Selection
Undo Lift & Insert Selection
Undo Lift & Insert Selection
Split Clip
Lift & Insert Selection
Lift & Insert Selection
Undo Lift & Insert Selection
Redo Lift & Insert Selection
Undo Lift & Insert Selection
Undo Lift & Insert Selection
Undo Split Clip
Redo Split Clip
Redo Lift & Insert Selection
Redo Lift & Insert Selection
Lift & Insert Selection
Trim
Lift & Insert Selection
Move Parameter Segment
Move Parameter Segment
Move Parameter Segment
Lift & Insert Selection
Trim
Lift & Insert Selection
Move Parameter Segment
Lift & Insert Selection
Lift & Insert Selection
Lift & Insert Selection
Undo Lift & Insert Selection
Undo Lift & Insert Selection
Undo Lift & Insert Selection
Split Clip
Lift & Insert Selection
Split Clip
Paste
Undo Paste
Redo Paste
Undo Paste
Undo Split Clip
Redo Split Clip
Redo Paste
Undo Paste
Undo Split Clip
Split Clip
Paste
Undo Paste
Paste
Paste
Undo Paste
Undo Paste
Redo Paste
Undo Paste
Undo Split Clip
Redo Split Clip
Paste
Undo Paste
Paste
Undo Paste
Redo Paste
Undo Paste
Lift & Insert Selection
Paste
Lift & Insert Selection
Split Clip
Lift & Insert Selection
Lift & Insert Selection
Lift & Insert Selection
Undo Lift & Insert Selection
Undo Lift & Insert Selection
Undo Lift & Insert Selection
Undo Split Clip
Undo Lift & Insert Selection
Undo Paste
Undo Lift & Insert Selection
Undo Split Clip
Paste
Delete
Paste
Lift & Insert Selection
Lift & Insert Selection
Lift & Insert Selection
Change Clip Speed
Change Clip Speed
Split Clip
Lift & Insert Selection
Lift & Insert Selection
Lift & Insert Selection
Paste
Delete
Lift & Insert Selection
Trim
Trim
Trim
Trim
Trim
Trim
Trim
Undo Trim
Trim
Trim
Move Keyframes
Move Parameter Segment
Move Parameter Segment
Move Parameter Segment
Move Parameter Segment
Split Clip
Lift & Insert Selection
Split Clip
Delete
Delete
Paste
Delete
Add Keyframe
Move Keyframes
Add Keyframe
Move Keyframes
Add Keyframe
Add Keyframe
Undo Add Keyframe
Add Keyframe
Add Keyframe
Add Keyframe
Move Keyframes
Trim
Trim
Trim
Undo Trim
Undo Trim
Undo Trim
Split Clip
Lift & Insert Selection
Trim
Lift & Insert Selection
Trim
Delete
Lift & Insert Selection
Lift & Insert Selection
Split Clip
Split Clip
Move Parameter Segment
Lift & Insert Selection
Lift & Insert Selection
Undo Lift & Insert Selection
Undo Lift & Insert Selection
Lift & Insert Selection
Lift & Insert Selection
Lift & Insert Selection
Lift & Insert Selection
Lift & Insert Selection
Lift & Insert Selection
Lift & Insert Selection
Split Clip
Split Clip
Lift & Insert Selection
Delete
Lift & Insert Selection
Trim
Trim
Trim
Lift & Insert Selection
Trim
Trim
Lift & Insert Selection
Split Clip
Lift & Insert Selection
Delete
Apply Transition
Undo Apply Transition
Move Parameter Segment
Move Keyframes
Move Keyframes
Move Keyframes
Move Parameter Segment
Add Keyframe
Move Keyframes
Add Keyframe
Move Keyframes
Add Keyframe
Move Keyframes
Move Keyframes
Trim
Move Keyframes
Trim
Move Keyframes
Trim
Lift & Insert Selection
Move Parameter Segment
Undo Move Parameter Segment
Add Keyframe
Move Keyframes
Delete
Paste
Trim
Lift & Insert Selection
Trim
Trim
Lift & Insert Selection
Trim
Move Parameter Segment
Trim
Lift & Insert Selection
Lift & Insert Selection
Trim
Lift & Insert Selection
Lift & Insert Selection
Undo Lift & Insert Selection
Lift & Insert Selection
Trim
Move Parameter Segment
Add Keyframe
Add Keyframe
Add Keyframe
Move Keyframes
Move Keyframes
Move Keyframes
Lift & Insert Selection
Trim
Lift & Insert Selection
Undo Lift & Insert Selection
Undo Trim
Undo Lift & Insert Selection
Trim
Lift & Insert Selection
Undo Lift & Insert Selection
Undo Trim
Trim
Delete
Paste
Move Parameter Segment
Lift & Insert Selection
Delete
Paste
Lift & Insert Selection
Lift & Insert Selection
Lift & Insert Selection
Lift & Insert Selection
Split Clip
Split Clip
Lift & Insert Selection
Paste
Undo Paste
Lift & Insert Selection
Undo Lift & Insert Selection
Paste
Lift & Insert Selection
Lift & Insert Selection
Trim
Undo Trim
Split Clip
Lift & Insert Selection
Lift & Insert Selection
Trim
Trim
Lift & Insert Selection
Split Clip
Lift & Insert Selection
Lift & Insert Selection
Move Parameter Segment
Move Parameter Segment
Split Clip
Lift & Insert Selection
Move Parameter Segment
Lift & Insert Selection
Move Parameter Segment
Undo Move Parameter Segment
Undo Lift & Insert Selection
Undo Move Parameter Segment
Undo Lift & Insert Selection
Undo Split Clip
Move Parameter Segment
Move Parameter Segment
Lift & Insert Selection
Trim
Move Parameter Segment
Add Keyframe
Add Keyframe
Move Parameter Segment
Move Keyframes
Move Keyframes
Move Keyframes
Add Keyframe
Add Keyframe
Move Keyframes
Delete
Lift & Insert Selection
Undo Lift & Insert Selection
Lift & Insert Selection
Trim
Split Clip
Split Clip
Split Clip
Lift & Insert Selection
Lift & Insert Selection
Lift & Insert Selection
Move Keyframes
Move Parameter Segment
Move Keyframes
Lift & Insert Selection
Lift & Insert Selection
Delete
Trim
Trim
Trim
Undo Trim
Trim
Trim
Trim
Trim
Lift & Insert Selection
Split Clip
Lift & Insert Selection
Lift & Insert Selection
Delete
Move Keyframes
Split Clip
Lift & Insert Selection
Lift & Insert Selection
Move Parameter Segment
Move Keyframes
Move Keyframes
Lift & Insert Selection
Trim
Trim
Trim
Move Keyframes
Move Keyframes
Lift & Insert Selection
Trim
Undo Trim
Undo Lift & Insert Selection
Lift & Insert Selection
Trim
Undo Trim
Undo Lift & Insert Selection
Lift & Insert Selection
Trim
Lift & Insert Selection
Trim
Lift & Insert Selection
Ripple Trim
Undo Ripple Trim
Lift & Insert Selection
Trim
Undo Trim
Change Clip Speed
Undo Change Clip Speed
Undo Lift & Insert Selection
Lift & Insert Selection
Lift & Insert Selection
Undo Lift & Insert Selection
Undo Lift & Insert Selection
Split Clip
Lift & Insert Selection
Lift & Insert Selection
Lift & Insert Selection
Move Parameter Segment
Lift & Insert Selection
Undo Lift & Insert Selection
Lift & Insert Selection
Lift & Insert Selection
Lift & Insert Selection
Lift & Insert Selection
Lift & Insert Selection
Lift & Insert Selection
Lift & Insert Selection
Lift & Insert Selection
Undo Lift & Insert Selection
Lift & Insert Selection
Undo Lift & Insert Selection
Undo Lift & Insert Selection
Redo Lift & Insert Selection
Lift & Insert Selection
Lift & Insert Selection
Lift & Insert Selection
Lift & Insert Selection
Lift & Insert Selection
Paste Attributes
Undo Paste Attributes
Delete
Add Keyframe
Add Keyframe
Move Keyframes
Move Parameter Segment
Move Parameter Segment
Move Parameter Segment
Fade Out Audio
Fade In Audio
Move Keyframes
Move Keyframes
Move Parameter Segment
Lift & Insert Selection
Fade In Audio
Ripple Trim
Move Parameter Segment
Undo Move Parameter Segment
Add Keyframe
Move Keyframes
Move Keyframes
Move Keyframes
Move Keyframes
Move Keyframes
Move Keyframes
Move Keyframes
Move Keyframes
Add Keyframe
Move Keyframes
Move Keyframes
Move Keyframes
Trim
Trim
Undo Trim
Undo Trim
Redo Trim
Trim
Move Keyframes
Trim
Lift & Insert Selection
Lift & Insert Selection
Trim
Trim
Trim
Trim
Split Clip
Move Parameter Segment
Lift & Insert Selection
Split Clip
Lift & Insert Selection
Paste
Lift & Insert Selection
Delete
Trim
Lift & Insert Selection
Trim
Delete
Lift & Insert Selection
Trim
Lift & Insert Selection
Trim
Lift & Insert Selection
Lift & Insert Selection
Lift & Insert Selection
Trim
Trim
Trim
Trim
Trim
Trim
Fade In Audio
Fade Out Audio
Move Parameter Segment
Lift & Insert Selection
Trim
Trim
Lift & Insert Selection
Trim
Lift & Insert Selection
Trim
Lift & Insert Selection
Lift & Insert Selection
Trim
Lift & Insert Selection
Lift & Insert Selection
Lift & Insert Selection
Trim
Undo Trim
Lift & Insert Selection
Trim
Trim
Trim
Fade In Audio
Move Parameter Segment
Trim
Trim
Lift & Insert Selection
Lift & Insert Selection
Lift & Insert Selection
Move Parameter Segment
Lift & Insert Selection
Split Clip
Split Clip
Lift & Insert Selection
Lift & Insert Selection
Lift & Insert Selection
Lift & Insert Selection
Lift & Insert Selection
Undo Lift & Insert Selection
Split Clip
Split Clip
Lift & Insert Selection
Lift & Insert Selection
Lift & Insert Selection
Lift & Insert Selection
Lift & Insert Selection
Lift & Insert Selection
Trim
Move Parameter Segment
Lift & Insert Selection
Undo Lift & Insert Selection
Trim
Undo Trim
Trim
Trim
Move Parameter Segment
Lift & Insert Selection
Fade In Audio
Move Keyframes
Delete
Change Clip Speed
Delete
Move Keyframes
Move Keyframes
Move Keyframes
Change Clip Speed
Trim
Undo Trim
Lift & Insert Selection
Split Clip
Split Clip
Lift & Insert Selection
Split Clip
Paste
Paste
Lift & Insert Selection
Undo Lift & Insert Selection
Undo Paste
Trim
Undo Trim
Paste
Undo Paste
Redo Paste
Trim
Undo Trim
Undo Paste
Undo Paste
Undo Split Clip
Lift & Insert Selection
Lift & Insert Selection
Trim
Lift & Insert Selection
Undo Lift & Insert Selection
Undo Trim
Redo Trim
Trim
Trim
Lift & Insert Selection
Trim
Trim
Delete
Lift & Insert Selection
Fade Out Audio
Fade In Audio
Trim
Trim
Trim
Trim
Trim
Trim
Paste
Move Parameter Segment
Move Parameter Segment
Lift & Insert Selection
Trim
Trim
Lift & Insert Selection
Move Parameter Segment
Move Parameter Segment
Lift & Insert Selection
Paste
Lift & Insert Selection
Trim
Trim
Lift & Insert Selection
Trim
Lift & Insert Selection
Move Parameter Segment
Undo Move Parameter Segment
Undo Lift & Insert Selection
Lift & Insert Selection
Undo Lift & Insert Selection
Undo Trim
Undo Lift & Insert Selection
Undo Trim
Undo Trim
Undo Lift & Insert Selection
Undo Paste
Undo Lift & Insert Selection
Delete
Lift & Insert Selection
Trim
Trim
Trim
Trim
Trim
Trim
Lift & Insert Selection
Undo Lift & Insert Selection
Undo Trim
Redo Trim
Redo Lift & Insert Selection
Undo Lift & Insert Selection
Undo Trim
Undo Trim
Undo Trim
Undo Trim
Undo Trim
Undo Trim
Undo Lift & Insert Selection
Undo Delete
Undo Move Parameter Segment
Undo Move Parameter Segment
Undo Lift & Insert Selection
Undo Trim
Undo Trim
Undo Lift & Insert Selection
Undo Move Parameter Segment
Undo Move Parameter Segment
Undo Paste
Undo Trim
Undo Trim
Undo Trim
Undo Trim
Fade Out Audio
Fade Out Audio
Move Keyframes
Move Keyframes
Trim
Paste
Move Parameter Segment
Move Parameter Segment
Undo Move Parameter Segment
Undo Move Parameter Segment
Lift & Insert Selection
Lift & Insert Selection
Trim
Undo Trim
Undo Lift & Insert Selection
Undo Lift & Insert Selection
Undo Paste
Undo Trim
Lift & Insert Selection
Lift & Insert Selection
Lift & Insert Selection
Lift & Insert Selection
Lift & Insert Selection
Lift & Insert Selection
Lift & Insert Selection
Lift & Insert Selection
Split Clip
Split Clip
Lift & Insert Selection
Trim
Fade In Audio
Move Keyframes
Move Parameter Segment
Undo Move Parameter Segment
Undo Move Keyframes
Undo Fade In Audio
Undo Trim
Undo Lift & Insert Selection
Redo Lift & Insert Selection
Redo Trim
Redo Fade In Audio
Undo Fade In Audio
Redo Fade In Audio
Undo Fade In Audio
Undo Trim
Undo Lift & Insert Selection
Undo Split Clip
Redo Split Clip
Undo Split Clip
Lift & Insert Selection
Undo Lift & Insert Selection
Move Parameter Segment
Lift & Insert Selection
Lift & Insert Selection
Lift & Insert Selection
Undo Lift & Insert Selection
Undo Lift & Insert Selection
Undo Lift & Insert Selection
Redo Lift & Insert Selection
Lift & Insert Selection
Ripple Trim
Move Keyframes
Fade In Audio
Move Keyframes
Undo Move Keyframes
Undo Fade In Audio
Undo Move Keyframes
Undo Ripple Trim
Undo Lift & Insert Selection
Redo Lift & Insert Selection
Lift & Insert Selection
Trim
Move Parameter Segment
Lift & Insert Selection
Ripple Trim
Undo Ripple Trim
Ripple Trim
Move Keyframes
Move Keyframes
Move Keyframes
Move Keyframes
Undo Move Keyframes
Undo Move Keyframes
Undo Move Keyframes
Undo Move Keyframes
Undo Ripple Trim
Lift & Insert Selection
Move Keyframes
Paste
Undo Paste
Delete
Paste
Undo Paste
Undo Delete
Delete
Paste
Undo Paste
Redo Paste
Undo Paste
Redo Paste
Undo Paste
Paste
Undo Paste
Paste Attributes
Undo Paste Attributes
Paste
Undo Paste
Redo Paste
Undo Paste
Paste
Undo Paste
Paste
Undo Paste
Redo Paste
Lift & Insert Selection
Lift & Insert Selection
Lift & Insert Selection
Lift & Insert Selection
Lift & Insert Selection
Lift & Insert Selection
Delete
Ripple Trim
Move Keyframes
Move Keyframes
Remove Keyframes
Remove Keyframes
Remove Keyframes
Fade In Audio
Move Keyframes
Delete
Delete
Delete
Delete
Delete
Delete
Delete
Delete
Delete
Delete
Delete
Delete
Delete
Delete
Delete
Delete
Undo Delete
Undo Delete
Undo Delete
Undo Delete
Undo Delete
Undo Delete
Redo Delete
Redo Delete
Delete
Move Parameter Segment
Move Keyframes
Move Parameter Segment
Move Keyframes
Disable Items
Move Parameter Segment
Move Keyframes
Move Parameter Segment
Move Keyframes
Move Keyframes
Disable Items
Add Keyframe
Add Keyframe
Move Parameter Segment
Move Keyframes
Move Parameter Segment
Move Keyframes
Add Keyframe
Move Keyframes
Move Parameter Segment
Move Keyframes
Move Keyframes
Move Keyframes
Insert
Delete and Close Gap
Insert
Split Clip
Lift & Insert Selection
Paste
Undo Paste
Undo Lift & Insert Selection
Redo Lift & Insert Selection
Redo Paste
Undo Paste
Undo Lift & Insert Selection
Undo Split Clip
Redo Split Clip
Redo Lift & Insert Selection
Paste
Lift & Insert Selection
Split Clip
Split Clip
Move Parameter Segment
Undo Move Parameter Segment
Lift & Insert Selection
Lift & Insert Selection
Disable Items
Disable Items
Lift & Insert Selection
Ripple Trim
Trim
Move Parameter Segment
Lift & Insert Selection
Trim
Lift & Insert Selection
Undo Lift & Insert Selection
Undo Trim
Undo Lift & Insert Selection
Undo Move Parameter Segment
Undo Trim
Undo Ripple Trim
Undo Lift & Insert Selection
Undo Disable Items
Undo Disable Items
Undo Lift & Insert Selection
Undo Lift & Insert Selection
Undo Split Clip
Undo Split Clip
Undo Lift & Insert Selection
Redo Lift & Insert Selection
Redo Split Clip
Redo Split Clip
Undo Split Clip
Undo Split Clip
Undo Lift & Insert Selection
Redo Lift & Insert Selection
Redo Split Clip
Redo Split Clip
Redo Lift & Insert Selection
Redo Lift & Insert Selection
Redo Disable Items
Redo Disable Items
Redo Lift & Insert Selection
Redo Ripple Trim
Redo Trim
Redo Move Parameter Segment
Redo Lift & Insert Selection
Redo Trim
Redo Lift & Insert Selection
Delete
Paste
Undo Paste
Paste
Lift & Insert Selection
Split Clip
Split Clip
Lift & Insert Selection
Disable Items
Split Clip
Disable Items
Disable Items
Disable Items
Lift & Insert Selection
Move Parameter Segment
Undo Move Parameter Segment
Lift & Insert Selection
Undo Lift & Insert Selection
Undo Lift & Insert Selection
Lift & Insert Selection
Lift & Insert Selection
Disable Items
Enable Items
Split Clip
Move Parameter Segment
Undo Move Parameter Segment
Lift & Insert Selection
Disable Items
Lift & Insert Selection
Lift & Insert Selection
Ripple Trim
Lift & Insert Selection
Ripple Trim
Lift & Insert Selection
Ripple Trim
Lift & Insert Selection
Undo Lift & Insert Selection
Undo Ripple Trim
Undo Lift & Insert Selection
Undo Ripple Trim
Ripple Trim
Lift & Insert Selection
Disable Items
Lift & Insert Selection
Undo Lift & Insert Selection
Redo Lift & Insert Selection
Lift & Insert Selection
Undo Lift & Insert Selection
Redo Lift & Insert Selection
Undo Lift & Insert Selection
Lift & Insert Selection
Split Clip
Disable Items
Lift & Insert Selection
Delete
Move Parameter Segment
Undo Move Parameter Segment
Lift & Insert Selection
Undo Lift & Insert Selection
Undo Delete
Redo Delete
Trim
Lift & Insert Selection
Undo Lift & Insert Selection
Undo Trim
Trim
Trim
Undo Trim
Trim
Undo Trim
Split Clip
Split Clip
Undo Split Clip
Redo Split Clip
Paste
Undo Paste
Redo Paste
Undo Paste
Redo Paste
Lift & Insert Selection
Lift & Insert Selection
Move Parameter Segment
Trim
Lift & Insert Selection
Add Keyframe
Fade Out Audio
Undo Fade Out Audio
Undo Add Keyframe
Fade Out Audio
Move Keyframes
Move Keyframes
Lift & Insert Selection
Trim
Trim
Lift & Insert Selection
Move Keyframes
Lift & Insert Selection
Lift & Insert Selection
Move Keyframes
Undo Move Keyframes
Undo Lift & Insert Selection
Lift & Insert Selection
Undo Lift & Insert Selection
Undo Lift & Insert Selection
Move Parameter Segment
Undo Move Parameter Segment
Move Keyframes
Move Parameter Segment
Trim
Lift & Insert Selection
Fade In Audio
Undo Fade In Audio
Trim
Trim
Lift & Insert Selection
Trim
Lift & Insert Selection
Trim
Undo Trim
Trim
Undo Trim
Undo Lift & Insert Selection
Undo Trim
Split Clip
Split Clip
Move Parameter Segment
Undo Move Parameter Segment
Lift & Insert Selection
Disable Items
Move Parameter Segment
Lift & Insert Selection
Disable Items
Lift & Insert Selection
Split Clip
Move Parameter Segment
Undo Move Parameter Segment
Lift & Insert Selection
Disable Items
Disable Items
Enable Items
Move Parameter Segment
Fade Out Audio
Move Keyframes
Disable Items
Enable Items
Disable Items
Enable Items
Enable Items
Lift & Insert Selection
Lift & Insert Selection
Undo Lift & Insert Selection
Lift & Insert Selection
Undo Lift & Insert Selection
Undo Lift & Insert Selection
Redo Lift & Insert Selection
Undo Lift & Insert Selection
Lift & Insert Selection
Disable Items
Enable Items
Lift & Insert Selection
Enable Items
Lift & Insert Selection
Disable Items
Lift & Insert Selection
Undo Lift & Insert Selection
Lift & Insert Selection
Lift & Insert Selection
Undo Lift & Insert Selection
Lift & Insert Selection
Undo Lift & Insert Selection
Undo Lift & Insert Selection
Move Parameter Segment
Undo Move Parameter Segment
Undo Disable Items
Redo Disable Items
Redo Move Parameter Segment
Undo Move Parameter Segment
Undo Disable Items
Redo Disable Items
Redo Move Parameter Segment
Lift & Insert Selection
Undo Lift & Insert Selection
Lift & Insert Selection
Add Tracks
Lift & Insert Selection
Undo Lift & Insert Selection
Lift & Insert Selection
Lift & Insert Selection
Enable Items
Lift & Insert Selection
Undo Lift & Insert Selection
Enable Items
Undo Enable Items
Undo Enable Items
Redo Enable Items
Redo Enable Items
Undo Enable Items
Lift & Insert Selection
Undo Lift & Insert Selection
Undo Enable Items
Undo Lift & Insert Selection
Undo Lift & Insert Selection
Redo Lift & Insert Selection
Redo Lift & Insert Selection
Trim
Undo Trim
Lift & Insert Selection
Undo Lift & Insert Selection
Lift & Insert Selection
Undo Lift & Insert Selection
Lift & Insert Selection
Undo Lift & Insert Selection
Lift & Insert Selection
Delete
Lift & Insert Selection
Trim
Disable Items
Lift & Insert Selection
Lift & Overlay Selection
Lift & Insert Selection
Split Clip
Delete
Lift & Insert Selection
Undo Lift & Insert Selection
Trim
Lift & Insert Selection
Trim
Add Tracks
Lift & Insert Selection
Undo Lift & Insert Selection
Add Tracks
Lift & Insert Selection
Undo Lift & Insert Selection
Lift & Insert Selection
Trim
Split Clip
Delete
Lift & Insert Selection
Delete
Insert
Split Clip
Move Parameter Segment
Undo Move Parameter Segment
Lift & Insert Selection
Undo Lift & Insert Selection
Redo Lift & Insert Selection
Undo Lift & Insert Selection
Lift & Insert Selection
Paste
Lift & Insert Selection
Lift & Insert Selection
Lift & Insert Selection
Lift & Insert Selection
Undo Lift & Insert Selection
Lift & Insert Selection
Undo Lift & Insert Selection
Move Keyframes
Lift & Insert Selection
Lift & Insert Selection
Trim
Undo Trim
Undo Lift & Insert Selection
Undo Lift & Insert Selection
Undo Move Keyframes
Undo Lift & Insert Selection
Undo Lift & Insert Selection
Redo Lift & Insert Selection
Redo Lift & Insert Selection
Redo Move Keyframes
Undo Move Keyframes
Lift & Insert Selection
Trim
Lift & Insert Selection
Trim
Lift & Insert Selection
Trim
Trim
Lift & Insert Selection
Trim
Undo Trim
Move Parameter Segment
Trim
Trim
Trim
Lift & Insert Selection
Lift & Insert Selection
Trim
Trim
Lift & Insert Selection
Lift & Insert Selection
Trim
Lift & Insert Selection
Trim
Lift & Insert Selection
Trim
Split Clip
Disable Items
Lift & Insert Selection
Lift & Insert Selection
Undo Lift & Insert Selection
Trim
Split Clip
Disable Items
Lift & Insert Selection
Lift & Insert Selection
Lift & Insert Selection
Trim
Lift & Insert Selection
Trim
Lift & Insert Selection
Disable Items
Trim
Undo Trim
Undo Disable Items
Redo Disable Items
Redo Trim
Undo Trim
Enable Items
Lift & Insert Selection
Trim
Split Clip
Delete
Lift & Insert Selection
Undo Lift & Insert Selection
Trim
Lift & Insert Selection
Lift & Insert Selection
Trim
Lift & Insert Selection
Lift & Insert Selection
Lift & Insert Selection
Fade In Audio
Move Keyframes
Move Parameter Segment
Undo Move Parameter Segment
Move Keyframes
Move Keyframes
Split Clip
Split Clip
Lift & Insert Selection
Lift & Insert Selection
Lift & Insert Selection
Split Clip
Paste
Lift & Insert Selection
Lift & Insert Selection
Undo Lift & Insert Selection
Lift & Insert Selection
Undo Lift & Insert Selection
Undo Lift & Insert Selection
Undo Paste
Undo Split Clip
Redo Split Clip
Split Clip
Delete
Lift & Insert Selection
Move Keyframes
Move Parameter Segment
Set Audio Gain
Undo Set Audio Gain
Set Audio Gain
Lift & Overlay Selection
Lift & Insert Selection
Trim
Trim
Trim
Trim
Lift & Insert Selection
Trim
Lift & Insert Selection
Lift & Insert Selection
Trim
Lift & Insert Selection
Move Keyframes
Move Keyframes
Move Parameter Segment
Move Keyframes
Move Parameter Segment
Move Parameter Segment
Lift & Insert Selection
Trim
Trim
Lift & Insert Selection
Trim
Lift & Insert Selection
Trim
Lift & Insert Selection
Trim
Lift & Insert Selection
Trim
Lift & Insert Selection
Trim
Lift & Insert Selection
Trim
Lift & Insert Selection
Lift & Insert Selection
Trim
Lift & Insert Selection
Trim
Split Clip
Lift & Insert Selection
Disable Items
Lift & Insert Selection
Split Clip
Lift & Insert Selection
Disable Items
Lift & Insert Selection
Undo Lift & Insert Selection
Lift & Insert Selection
Lift & Insert Selection
Lift & Insert Selection
Lift & Insert Selection
Disable Items
Lift & Insert Selection
Trim
Lift & Insert Selection
Trim
Undo Trim
Undo Lift & Insert Selection
Trim
Lift & Insert Selection
Fade Out Audio
Fade In Audio
Undo Fade In Audio
Undo Fade Out Audio
Disable Items
Split Clip
Undo Split Clip
Paste
Lift & Insert Selection
Undo Lift & Insert Selection
Redo Lift & Insert Selection
Lift & Insert Selection
Move Parameter Segment
Undo Move Parameter Segment
Undo Lift & Insert Selection
Undo Lift & Insert Selection
Paste
Lift & Insert Selection
Lift & Insert Selection
Lift & Insert Selection
Lift & Insert Selection
Trim
Lift & Insert Selection
Trim
Lift & Insert Selection
Undo Lift & Insert Selection
Lift & Insert Selection
Trim
Lift & Insert Selection
Trim
Lift & Insert Selection
Trim
Lift & Insert Selection
Trim
Lift & Insert Selection
Trim
Lift & Insert Selection
Trim
Lift & Insert Selection
Move Parameter Segment
Undo Move Parameter Segment
Fade Out Audio
Fade In Audio
Undo Fade In Audio
Redo Fade In Audio
Move Keyframes
Move Keyframes
Trim
Lift & Insert Selection
Trim
Move Keyframes
Move Keyframes
Lift & Insert Selection
Undo Lift & Insert Selection
Lift & Insert Selection
Trim
Undo Trim
Lift & Insert Selection
Trim
Lift & Insert Selection
Lift & Insert Selection
Undo Lift & Insert Selection
Lift & Insert Selection
Undo Lift & Insert Selection
Trim
Lift & Insert Selection
Trim
Undo Trim
Undo Lift & Insert Selection
Undo Trim
Undo Lift & Insert Selection
Redo Lift & Insert Selection
Enable Items
Lift & Insert Selection
Paste
Undo Paste
Redo Paste
Lift & Insert Selection
Lift & Insert Selection
Trim
Undo Trim
Lift & Insert Selection
Undo Lift & Insert Selection
Undo Lift & Insert Selection
Undo Lift & Insert Selection
Undo Paste
Undo Lift & Insert Selection
Redo Lift & Insert Selection
Redo Paste
Redo Lift & Insert Selection
Redo Lift & Insert Selection
Trim
Undo Trim
Lift & Insert Selection
Undo Lift & Insert Selection
Lift & Insert Selection
Move Keyframes
Undo Move Keyframes
Lift & Insert Selection
Lift & Insert Selection
Lift & Insert Selection
Trim
Lift & Insert Selection
Lift & Insert Selection
Trim
Trim
Lift & Insert Selection
Trim
Lift & Insert Selection
Trim
Lift & Insert Selection
Move Parameter Segment
Move Parameter Segment
Fade Out Audio
Fade In Audio
Move Parameter Segment
Move Parameter Segment
Move Parameter Segment
Move Parameter Segment
Delete
Trim
Undo Trim
Undo Delete
Undo Move Parameter Segment
Undo Move Parameter Segment
Undo Move Parameter Segment
Undo Move Parameter Segment
Undo Fade In Audio
Undo Fade Out Audio
Undo Move Parameter Segment
Undo Move Parameter Segment
Undo Lift & Insert Selection
Redo Lift & Insert Selection
Redo Move Parameter Segment
Undo Move Parameter Segment
Redo Move Parameter Segment
Redo Move Parameter Segment
Redo Fade Out Audio
Redo Fade In Audio
Redo Move Parameter Segment
Redo Move Parameter Segment
Redo Move Parameter Segment
Redo Move Parameter Segment
Redo Delete
Undo Delete
Delete
Trim
Undo Trim
Undo Delete
Move Keyframes
Move Parameter Segment
Apply Default Transitions
Undo Apply Default Transitions
Undo Move Parameter Segment
Apply Default Transitions
Apply Default Transitions
Move Keyframes
Move Parameter Segment
Move Keyframes
Undo Move Keyframes
Redo Move Keyframes
Delete
Trim
Lift & Insert Selection
Apply Default Transitions
Undo Apply Default Transitions
Undo Lift & Insert Selection
Undo Trim
Redo Trim
Redo Lift & Insert Selection
Trim
Lift & Insert Selection
Apply Default Transitions
Undo Apply Default Transitions
Trim
Lift & Insert Selection
Apply Default Transitions
Undo Apply Default Transitions
Undo Lift & Insert Selection
Trim
Lift & Insert Selection
Apply Default Transitions
Undo Apply Default Transitions
Trim
Lift & Insert Selection
Apply Default Transitions
Undo Apply Default Transitions
Redo Apply Default Transitions
Undo Apply Default Transitions
Undo Lift & Insert Selection
Undo Trim
Undo Lift & Insert Selection
Undo Trim
Undo Trim
Undo Lift & Insert Selection
Undo Trim
Undo Lift & Insert Selection
Undo Trim
Undo Delete
Undo Move Keyframes
Undo Move Parameter Segment
Undo Move Keyframes
Redo Move Keyframes
Redo Move Parameter Segment
Redo Move Keyframes
Redo Delete
Redo Trim
Redo Lift & Insert Selection
Redo Trim
Redo Lift & Insert Selection
Redo Trim
Redo Trim
Undo Trim
Undo Trim
Undo Lift & Insert Selection
Undo Trim
Undo Lift & Insert Selection
Undo Trim
Undo Delete
Undo Move Keyframes
Redo Move Keyframes
Undo Move Keyframes
Undo Move Parameter Segment
Undo Move Keyframes
Undo Apply Default Transitions
Undo Apply Default Transitions
Undo Move Keyframes
Undo Move Parameter Segment
Undo Move Parameter Segment
Undo Move Parameter Segment
Undo Move Parameter Segment
Undo Fade In Audio
Undo Fade Out Audio
Undo Move Parameter Segment
Undo Move Parameter Segment
Undo Lift & Insert Selection
Undo Trim
Undo Lift & Insert Selection
Undo Trim
Undo Lift & Insert Selection
Undo Trim
Undo Trim
Redo Trim
Redo Trim
Redo Lift & Insert Selection
Redo Trim
Redo Lift & Insert Selection
Redo Trim
Redo Lift & Insert Selection
Redo Move Parameter Segment
Redo Move Parameter Segment
Redo Fade Out Audio
Undo Fade Out Audio
Undo Move Parameter Segment
Undo Move Parameter Segment
Undo Lift & Insert Selection
Undo Trim
Undo Lift & Insert Selection
Undo Trim
Undo Lift & Insert Selection
Undo Trim
Undo Trim
Redo Trim
Redo Trim
Redo Lift & Insert Selection
Redo Trim
Redo Lift & Insert Selection
Redo Trim
Redo Lift & Insert Selection
Redo Move Parameter Segment
Redo Move Parameter Segment
Redo Fade Out Audio
Redo Fade In Audio
Redo Move Parameter Segment
Redo Move Parameter Segment
Redo Move Parameter Segment
Redo Move Parameter Segment
Redo Move Keyframes
Redo Apply Default Transitions
Redo Apply Default Transitions
Redo Move Keyframes
Redo Move Parameter Segment
Redo Move Keyframes
Redo Delete
Redo Trim
Redo Lift & Insert Selection
Redo Trim
Redo Lift & Insert Selection
Redo Trim
Redo Trim
Redo Lift & Insert Selection
Redo Trim
Redo Lift & Insert Selection
Redo Apply Default Transitions
Undo Apply Default Transitions
Undo Lift & Insert Selection
Undo Trim
Undo Lift & Insert Selection
Undo Trim
Undo Trim
Undo Lift & Insert Selection
Undo Trim
Undo Lift & Insert Selection
Undo Trim
Undo Delete
Undo Move Keyframes
Undo Move Parameter Segment
Undo Move Keyframes
Undo Apply Default Transitions
Undo Apply Default Transitions
Undo Move Keyframes
Undo Move Parameter Segment
Undo Move Parameter Segment
Undo Move Parameter Segment
Undo Move Parameter Segment
Undo Fade In Audio
Undo Fade Out Audio
Undo Move Parameter Segment
Undo Move Parameter Segment
Undo Lift & Insert Selection
Undo Trim
Undo Lift & Insert Selection
Undo Trim
Undo Lift & Insert Selection
Undo Trim
Undo Trim
Redo Trim
Apply Default Transitions
Undo Apply Default Transitions
Undo Trim
Redo Trim
Trim
Trim
Lift & Insert Selection
Apply Default Transitions
Undo Apply Default Transitions
Disable Items
Lift & Insert Selection
Lift & Insert Selection
Undo Lift & Insert Selection
Lift & Insert Selection
Apply Default Transitions
Undo Apply Default Transitions
Undo Lift & Insert Selection
Ripple Trim
Ripple Trim
Lift & Insert Selection
Enable Items
Apply Default Transitions
Undo Apply Default Transitions
Undo Enable Items
Undo Lift & Insert Selection
Undo Ripple Trim
Undo Ripple Trim
Redo Ripple Trim
Lift & Insert Selection
Enable Items
Apply Default Transitions
Lift & Insert Selection
Lift & Insert Selection
Undo Lift & Insert Selection
Undo Lift & Insert Selection
Redo Lift & Insert Selection
Lift & Insert Selection
Undo Lift & Insert Selection
Undo Lift & Insert Selection
Undo Apply Default Transitions
Redo Apply Default Transitions
Redo Lift & Insert Selection
Undo Lift & Insert Selection
Lift & Insert Selection
Lift & Insert Selection
Undo Lift & Insert Selection
Undo Lift & Insert Selection
Redo Lift & Insert Selection
Lift & Insert Selection
Disable Items
Lift & Insert Selection
Undo Lift & Insert Selection
Redo Lift & Insert Selection
Undo Lift & Insert Selection
Undo Disable Items
Undo Lift & Insert Selection
Undo Lift & Insert Selection
Undo Apply Default Transitions
Undo Enable Items
Undo Lift & Insert Selection
Undo Ripple Trim
Undo Lift & Insert Selection
Undo Disable Items
Undo Lift & Insert Selection
Undo Trim
Undo Trim
Undo Trim
Lift & Insert Selection
Apply Default Transitions
Undo Apply Default Transitions
Undo Lift & Insert Selection
Redo Lift & Insert Selection
Redo Apply Default Transitions
Undo Apply Default Transitions
Undo Lift & Insert Selection
Redo Lift & Insert Selection
Redo Apply Default Transitions
Undo Apply Default Transitions
Redo Apply Default Transitions
Paste
Paste
Undo Paste
Undo Paste
Apply Default Transitions
Apply Transition
Lift & Insert Selection
Undo Lift & Insert Selection
Trim
Undo Trim
Trim
Lift & Insert Selection
Lift & Insert Selection
Undo Lift & Insert Selection
Trim
Undo Trim
Lift & Insert Selection
Move Keyframes
Move Parameter Segment
Undo Move Parameter Segment
Lift & Insert Selection
Lift & Insert Selection
Undo Lift & Insert Selection
Add Tracks
Lift & Insert Selection
Undo Lift & Insert Selection
Lift & Insert Selection
Lift & Insert Selection
Lift & Insert Selection
Ripple Trim
Ripple Trim
Ripple Trim
Undo Ripple Trim
Undo Ripple Trim
Undo Ripple Trim
Undo Lift & Insert Selection
Redo Lift & Insert Selection
Lift & Insert Selection
Ripple Trim
Lift & Insert Selection
Ripple Trim
Disable Items
Undo Disable Items
Redo Disable Items
Lift & Insert Selection
Ripple Trim
Ripple Trim
Ripple Trim
Ripple Trim
Undo Ripple Trim
Trim
Move Parameter Segment
Undo Move Parameter Segment
Lift & Insert Selection
Ripple Trim
Undo Ripple Trim
Trim
Lift & Insert Selection
Trim
Trim
Trim
Trim
Move Keyframes
Move Parameter Segment
Move Keyframes
Move Keyframes
Lift & Insert Selection
Paste
Lift & Insert Selection
Lift & Insert Selection
Undo Lift & Insert Selection
Lift & Insert Selection
Delete
Lift & Insert Selection
Apply Default Transitions
Undo Apply Default Transitions
Undo Lift & Insert Selection
Undo Delete
Undo Lift & Insert Selection
Undo Lift & Insert Selection
Undo Paste
Enable Items
Disable Items
Enable Items
Undo Enable Items
Enable Items
Undo Enable Items
Undo Disable Items
Lift & Insert Selection
Move Parameter Segment
Lift & Insert Selection
Undo Lift & Insert Selection
Lift & Insert Selection
Ripple Trim
Undo Ripple Trim
Lift & Insert Selection
Delete
Undo Delete
Redo Delete
Lift & Insert Selection
Delete
Delete
Lift & Insert Selection
Lift & Insert Selection
Undo Lift & Insert Selection
Lift & Insert Selection
Undo Lift & Insert Selection
Lift & Insert Selection
Apply Default Transitions
Lift & Insert Selection
Trim
Apply Default Transitions
Move Parameter Segment
Move Parameter Segment
Fade Out Audio
Undo Fade Out Audio
Fade Out Audio
Move Keyframes
Move Parameter Segment
Lift & Insert Selection
Trim
Undo Trim
Trim
Undo Trim
Trim
Delete
Lift & Insert Selection
Apply Default Transitions
Undo Apply Default Transitions
Undo Lift & Insert Selection
Undo Delete
Undo Trim
Undo Lift & Insert Selection
Redo Lift & Insert Selection
Trim
Lift & Insert Selection
Apply Default Transitions
Undo Apply Default Transitions
Redo Apply Default Transitions
Lift & Insert Selection
Move Parameter Segment
Move Keyframes
Move Parameter Segment
Set Audio Gain
Undo Set Audio Gain
Redo Set Audio Gain
Undo Set Audio Gain
Redo Set Audio Gain
Undo Set Audio Gain
Redo Set Audio Gain
Move Parameter Segment
Move Parameter Segment
Move Keyframes
Move Parameter Segment
Move Parameter Segment
Move Parameter Segment
Move Keyframes
Move Parameter Segment
Add Keyframe
Move Keyframes
Delete
Delete
Delete
Move Parameter Segment
Undo Move Parameter Segment
Move Parameter Segment
Add Keyframe
Fade In Audio
Fade Out Audio
Apply Default Transitions
Move Parameter Segment
Undo Move Parameter Segment
Apply Transition
Undo Apply Transition
Undo Apply Default Transitions
Undo Fade Out Audio
Undo Fade In Audio
Undo Add Keyframe
Undo Move Parameter Segment
Undo Delete
Redo Delete
Redo Move Parameter Segment
Redo Add Keyframe
Redo Fade In Audio
Redo Fade Out Audio
Redo Apply Default Transitions
Trim
Move Parameter Segment
Undo Move Parameter Segment
Lift & Insert Selection
Apply Default Transitions
Undo Apply Default Transitions
Move Parameter Segment
Lift & Insert Selection
Undo Lift & Insert Selection
Lift & Insert Selection
Move Keyframes
Move Keyframes
Move Parameter Segment
Move Keyframes
Move Keyframes
Move Parameter Segment
Move Parameter Segment
Move Parameter Segment
Move Parameter Segment
Move Keyframes
Move Parameter Segment
Move Keyframes
Move Keyframes
Move Keyframes
Move Keyframes
Move Keyframes
Move Keyframes
Paste
Undo Paste
Lift & Insert Selection
Undo Lift & Insert Selection
Lift & Insert Selection
Undo Lift & Insert Selection
Lift & Insert Selection
Lift & Insert Selection
Undo Lift & Insert Selection
Lift & Insert Selection
Undo Lift & Insert Selection
Lift & Insert Selection
Add Media
Insert
Split Clip
Delete
Split Clip
Delete
Lift & Insert Selection
Trim
Undo Trim
Trim
Lift & Insert Selection
Trim
Add Media
Insert
Split Clip
Delete
Split Clip
Delete
Undo Delete
Lift & Insert Selection
Lift & Insert Selection
Split Clip
Lift & Insert Selection
Delete
Delete
Disable Items
Lift & Insert Selection
Add Media
Insert
Lift & Insert Selection
Split Clip
Delete
Split Clip
Delete
Lift & Insert Selection
Trim
Lift & Insert Selection
Delete
Insert
Lift & Insert Selection
Split Clip
Delete
Enable Items
Split Clip
Split Clip
Lift & Insert Selection
Lift & Insert Selection
Undo Lift & Insert Selection
Paste
Lift & Insert Selection
Undo Lift & Insert Selection
Undo Paste
Undo Lift & Insert Selection
Redo Lift & Insert Selection
Delete
Undo Delete
Undo Lift & Insert Selection
Undo Split Clip
Undo Split Clip
Redo Split Clip
Redo Split Clip
Redo Lift & Insert Selection
Redo Delete
Undo Delete
Redo Delete
Lift & Insert Selection
Disable Items
Add Media
Insert
Split Clip
Split Clip
Delete
Delete
Lift & Insert Selection
Add Media
Insert
Trim
Trim
Trim
Add Media
Insert
Split Clip
Undo Split Clip
Undo Insert
Add Media
Insert
Split Clip
Split Clip
Delete
Delete
Lift & Insert Selection
Lift & Insert Selection
Split Clip
Lift & Insert Selection
Disable Items
Disable Items
Lift & Insert Selection
Add Media
Insert
Split Clip
Split Clip
Delete
Delete
Lift & Insert Selection
Lift & Insert Selection
Add Media
Insert
Delete
Undo Delete
Undo Insert
Cut
Add Media
Insert
Lift & Insert Selection
Trim
Trim
Trim
Trim
Trim
Lift & Insert Selection
Trim
Trim
Trim
Lift & Insert Selection
Trim
Lift & Insert Selection
Lift & Insert Selection
Undo Lift & Insert Selection
Lift & Insert Selection
Undo Lift & Insert Selection
Lift & Insert Selection
Undo Lift & Insert Selection
Lift & Insert Selection
Lift & Insert Selection
Trim
Split Clip
Undo Split Clip
Redo Split Clip
Delete
Delete
Trim
Undo Trim
Undo Delete
Undo Delete
Lift & Insert Selection
Undo Lift & Insert Selection
Lift & Insert Selection
Undo Lift & Insert Selection
Undo Split Clip
Lift & Insert Selection
Add Media
Insert
Lift & Insert Selection
Rotate 90 Right
Edit Parameter
Edit Parameter
Edit Parameter
Undo Edit Parameter
Lift & Insert Selection
Edit Parameter
Edit Parameter
Add Media
Insert
Undo Insert
Insert
Split Clip
Delete
Delete
Insert
Split Clip
Delete
Split Clip
Delete
Insert
Split Clip
Delete
Split Clip
Delete
Delete
Lift & Insert Selection
Trim
Lift & Insert Selection
Lift & Insert Selection
Edit Parameter
Undo Edit Parameter
Edit Parameter
Undo Edit Parameter
Lift & Insert Selection
Lift & Insert Selection
Edit Parameter
Edit Parameter
Undo Edit Parameter
Undo Edit Parameter
Undo Lift & Insert Selection
Undo Lift & Insert Selection
Edit Parameter
Edit Parameter
Trim
Trim
Undo Trim
Lift & Insert Selection
Lift & Insert Selection
Add Media
Insert
Split Clip
Split Clip
Undo Split Clip
Split Clip
Split Clip
Delete
Delete
Delete
Disable Items
Lift & Insert Selection
Trim
Trim
Lift & Insert Selection
Trim
Lift & Insert Selection
Lift & Insert Selection
Disable Items
Disable Items
Lift & Insert Selection
Lift & Insert Selection
Lift & Insert Selection
Insert
Lift & Insert Selection
Delete
Add Media
Insert
Lift & Insert Selection
Split Clip
Split Clip
Delete
Lift & Insert Selection
Lift & Insert Selection
Lift & Insert Selection
Lift & Insert Selection
Undo Lift & Insert Selection
Undo Lift & Insert Selection
Lift & Insert Selection
Lift & Insert Selection
Undo Lift & Insert Selection
Move Parameter Segment
Undo Move Parameter Segment
Lift & Insert Selection
Split Clip
Lift & Insert Selection
Split Clip
Delete
Split Clip
Undo Split Clip
Trim
Lift & Insert Selection
Undo Lift & Insert Selection
Undo Trim
Trim
Lift & Insert Selection
Trim
Lift & Insert Selection
Undo Lift & Insert Selection
Redo Lift & Insert Selection
Lift & Insert Selection
Split Clip
Delete
Undo Delete
Redo Delete
Split Clip
Delete
Disable Items
Enable Items
Enable Items
Lift & Insert Selection
Trim
Lift & Insert Selection
Undo Lift & Insert Selection
Lift & Insert Selection
Trim
Trim
Lift & Insert Selection
Trim
Lift & Insert Selection
Trim
Lift & Insert Selection
Trim
Lift & Insert Selection
Apply Default Transitions
Lift & Insert Selection
Lift & Insert Selection
Lift & Insert Selection
Lift & Insert Selection
Lift & Insert Selection
Trim
Trim
Trim
Lift & Insert Selection
Undo Lift & Insert Selection
Undo Trim
Undo Trim
Lift & Insert Selection
Undo Lift & Insert Selection
Undo Trim
Lift & Insert Selection
Lift & Insert Selection
Trim
Add Media
Insert
Split Clip
Delete
Trim
Lift & Insert Selection
Add Media
Insert
Split Clip
Undo Split Clip
Split Clip
Undo Split Clip
Trim
Lift & Insert Selection
Lift & Insert Selection
Trim
Trim
Lift & Insert Selection
Split Clip
Undo Split Clip
Trim
Trim
Trim
Lift & Insert Selection
Trim
Lift & Insert Selection
Trim
Lift & Insert Selection
Trim
Trim
Lift & Insert Selection
Lift & Insert Selection
Trim
Trim
Trim
Trim
Split Clip
Trim
Trim
Lift & Insert Selection
Undo Lift & Insert Selection
Lift & Insert Selection
Trim
Lift & Insert Selection
Trim
Lift & Insert Selection
Trim
Lift & Insert Selection
Trim
Lift & Insert Selection
Lift & Insert Selection
Lift & Insert Selection
Undo Lift & Insert Selection
Lift & Insert Selection
Trim
Lift & Insert Selection
Add Media
Insert
Trim
Trim
Split Clip
Delete
Lift & Insert Selection
Trim
Trim
Lift & Insert Selection
Undo Lift & Insert Selection
Lift & Insert Selection
Trim
Undo Trim
Trim
Lift & Insert Selection
Lift & Insert Selection
Trim
Trim
Lift & Insert Selection
Undo Lift & Insert Selection
Lift & Insert Selection
Trim
Lift & Insert Selection
Lift & Insert Selection
Lift & Insert Selection
Lift & Insert Selection
Trim
Lift & Insert Selection
Undo Lift & Insert Selection
Undo Trim
Undo Lift & Insert Selection
Lift & Insert Selection
Trim
Lift & Insert Selection
Trim
Undo Trim
Lift & Insert Selection
Trim
Trim
Trim
Undo Trim
Lift & Insert Selection
Trim
Disable Items
Trim
Lift & Insert Selection
Undo Lift & Insert Selection
Lift & Insert Selection
Trim
Trim
Lift & Insert Selection
Trim
Lift & Insert Selection
Trim
Trim
Lift & Insert Selection
Undo Lift & Insert Selection
Undo Trim
Undo Trim
Redo Trim
Trim
Trim
Lift & Insert Selection
Lift & Insert Selection
Undo Lift & Insert Selection
Lift & Insert Selection
Trim
Lift & Insert Selection
Trim
Trim
Lift & Insert Selection
Trim
Undo Trim
Trim
Trim
Lift & Insert Selection
Trim
Trim
Trim
Undo Trim
Undo Trim
Add Media
Insert
Lift & Insert Selection
Trim
Trim
Lift & Insert Selection
Trim
Delete
Add Media
Insert
Trim
Trim
Lift & Insert Selection
Trim
Trim
Trim
Lift & Insert Selection
Undo Lift & Insert Selection
Redo Lift & Insert Selection
Undo Lift & Insert Selection
Undo Trim
Undo Trim
Delete
Paste
Lift & Insert Selection
Add Media
Insert
Trim
Lift & Insert Selection
Trim
Split Clip
Delete
Lift & Insert Selection
Lift & Insert Selection
Lift & Insert Selection
Lift & Insert Selection
Lift & Insert Selection
Trim
Lift & Insert Selection
Trim
Trim
Lift & Insert Selection
Insert
Trim
Lift & Insert Selection
Trim
Undo Trim
Undo Lift & Insert Selection
Undo Trim
Undo Insert
Insert
Add Media
Insert
Delete
Lift & Insert Selection
Trim
Lift & Insert Selection
Trim
Lift & Insert Selection
Trim
Lift & Insert Selection
Trim
Trim
Trim
Lift & Insert Selection
Trim
Trim
Lift & Insert Selection
Lift & Insert Selection
Disable Items
Add Media
Insert
Lift & Insert Selection
Trim
Lift & Insert Selection
Trim
Lift & Insert Selection
Trim
Trim
Add Media
Insert
Trim
Lift & Insert Selection
Trim
Trim
Trim
Add Media
Insert
Trim
Lift & Insert Selection
Disable Items
Lift & Insert Selection
Lift & Insert Selection
Trim
Lift & Insert Selection
Trim
Lift & Insert Selection
Lift & Insert Selection
Add Media
Insert
Trim
Lift & Insert Selection
Trim
Lift & Insert Selection
Lift & Insert Selection
Undo Lift & Insert Selection
Trim
Trim
Disable Items
Trim
Trim
Lift & Insert Selection
Trim
Trim
Lift & Insert Selection
Trim
Trim
Add Media
Insert
Trim
Lift & Insert Selection
Trim
Lift & Insert Selection
Trim
Lift & Insert Selection
Trim
Lift & Insert Selection
Disable Items
Lift & Insert Selection
Lift & Insert Selection
Enable Items
Lift & Insert Selection
Trim
Trim
Trim
Trim
Lift & Insert Selection
Undo Lift & Insert Selection
Undo Trim
Trim
Trim
Undo Trim
Undo Trim
Undo Trim
Undo Trim
Redo Trim
Redo Trim
Redo Trim
Redo Trim
Trim
Lift & Insert Selection
Disable Items
Disable Items
Split Clip
Undo Split Clip
Split Clip
Undo Split Clip
Redo Split Clip
Split Clip
Disable Items
Lift & Insert Selection
Undo Lift & Insert Selection
Undo Disable Items
Disable Items
Lift & Insert Selection
Add Media
Insert
Trim
Trim
Trim
Lift & Insert Selection
Trim
Trim
Lift & Insert Selection
Trim
Trim
Disable Items
Lift & Insert Selection
Lift & Insert Selection
Undo Lift & Insert Selection
Undo Lift & Insert Selection
Undo Disable Items
Undo Trim
Undo Trim
Undo Lift & Insert Selection
Undo Trim
Undo Trim
Undo Lift & Insert Selection
Undo Trim
Undo Trim
Undo Trim
Undo Insert
Undo Add Media
Undo Lift & Insert Selection
Redo Lift & Insert Selection
Redo Add Media
Undo Add Media
Disable Items
Lift & Insert Selection
Undo Lift & Insert Selection
Undo Disable Items
Undo Lift & Insert Selection
Undo Disable Items
Undo Split Clip
Undo Split Clip
Undo Disable Items
Redo Disable Items
Redo Split Clip
Redo Split Clip
Undo Split Clip
Undo Split Clip
Undo Disable Items
Undo Disable Items
Redo Disable Items
Undo Disable Items
Undo Lift & Insert Selection
Redo Lift & Insert Selection
Redo Disable Items
Redo Disable Items
Undo Disable Items
Disable Items
Undo Disable Items
Trim
Disable Items
Lift & Insert Selection
