 ** My new video project1-1 ** 
Trim
Delete
Ripple Trim
Enable Items
Lift & Insert Selection
Edit Parameter
Edit Parameter
Edit Parameter
Edit Parameter
Edit Parameter
Edit Parameter
Edit Parameter
Edit Parameter
Edit Parameter
Edit Parameter
Edit Parameter
Edit Parameter
Edit Parameter
Edit Parameter
Edit Parameter
Edit Parameter
Edit Parameter
Delete
Trim
Delete
Delete
Trim
Trim
Move Keyframes
Edit Parameter
Edit Parameter
Undo Edit Parameter
Undo Edit Parameter
Move Parameter Segment
Move Parameter Segment
Move Keyframes
Undo Move Keyframes
Undo Move Parameter Segment
Undo Move Parameter Segment
Remove Keyframes
Remove Keyframes
Move Parameter Segment
Move Parameter Segment
Edit Parameter
Edit Parameter
Undo Edit Parameter
Undo Edit Parameter
Redo Edit Parameter
Undo Edit Parameter
Edit Parameter
Edit Parameter
Undo Edit Parameter
Undo Edit Parameter
Undo Move Parameter Segment
Redo Move Parameter Segment
Apply Effect Preset
Edit Parameter
Undo Edit Parameter
Edit Parameter
Undo Edit Parameter
Edit Parameter
Edit Parameter
Edit Parameter
Edit Parameter
Edit Parameter
Edit Parameter
Edit Parameter
Edit Parameter
Edit Parameter
Edit Parameter
Edit Parameter
Edit Parameter
Edit Parameter
Edit Parameter
Edit Parameter
Trim
Trim
Edit Parameter
Edit Parameter
Edit Parameter
Edit Parameter
Edit Parameter
Edit Parameter
Edit Parameter
Edit Parameter
Edit Parameter
Move Parameter Segment
Move Parameter Segment
Move Parameter Segment
Move Parameter Segment
Edit Parameter
Edit Parameter
Edit Parameter
Edit Parameter
Move Parameter Segment
Edit Parameter
Edit Parameter
Undo Edit Parameter
Redo Edit Parameter
Undo Edit Parameter
Undo Edit Parameter
Undo Move Parameter Segment
Redo Move Parameter Segment
Undo Move Parameter Segment
Redo Move Parameter Segment
Undo Move Parameter Segment
Undo Edit Parameter
Edit Parameter
Apply Effect Preset
Edit Parameter
Delete
Paste
Paste
Paste
Paste
Paste
Edit Parameter
Edit Parameter
Undo Edit Parameter
Undo Edit Parameter
Trim
Move Parameter Segment
Move Parameter Segment
Lift & Insert Selection
Undo Lift & Insert Selection
Lift & Insert Selection
Trim
Edit Parameter
Edit Parameter
Undo Edit Parameter
Apply Effect Preset
Undo Apply Effect Preset
Lift & Insert Selection
Undo Lift & Insert Selection
Lift & Insert Selection
Undo Lift & Insert Selection
Lift & Insert Selection
Edit Parameter
Apply Effect Preset
Edit Parameter
Edit Parameter
Edit Parameter
Edit Parameter
Edit Parameter
Edit Parameter
Edit Parameter
Edit Parameter
Edit Parameter
Edit Parameter
Edit Parameter
Edit Parameter
Trim
Undo Trim
Enable Items
Edit Parameter
Undo Edit Parameter
Edit Parameter
Edit Parameter
Edit Parameter
Edit Parameter
Edit Parameter
Edit Parameter
Edit Parameter
Edit Parameter
Edit Parameter
Edit Parameter
Edit Parameter
Edit Parameter
Edit Parameter
Edit Parameter
Edit Parameter
Edit Parameter
Edit Parameter
Trim
Undo Trim
Redo Trim
Trim
Delete
Disable Items
Lift & Insert Selection
Trim
Disable Items
Lift & Insert Selection
Trim
Delete
Delete
Trim
Trim
Trim
Trim
Split Clip
Undo Split Clip
Paste
Trim
Move Keyframes
Edit Parameter
Undo Edit Parameter
Edit Parameter
Edit Parameter
Edit Parameter
Edit Parameter
Edit Parameter
Undo Edit Parameter
Edit Parameter
Undo Edit Parameter
Undo Edit Parameter
Edit Parameter
Edit Parameter
Edit Parameter
Disable Items
Lift & Insert Selection
Undo Lift & Insert Selection
Lift & Insert Selection
Trim
Edit Parameter
Undo Edit Parameter
Edit Parameter
Edit Parameter
Edit Parameter
Edit Parameter
Edit Parameter
Edit Parameter
Delete
Trim
Delete
Trim
Delete
Trim
Delete
Trim
Move Keyframes
Move Parameter Segment
Move Keyframes
Move Keyframes
Edit Parameter
Undo Edit Parameter
Edit Parameter
Edit Parameter
Edit Parameter
Undo Edit Parameter
Undo Edit Parameter
Undo Edit Parameter
Undo Move Keyframes
Redo Move Keyframes
Redo Edit Parameter
Undo Edit Parameter
Edit Parameter
Edit Parameter
Edit Parameter
Edit Parameter
Edit Parameter
Edit Parameter
Edit Parameter
Undo Edit Parameter
Edit Parameter
Edit Parameter
Edit Parameter
Edit Parameter
Edit Parameter
Edit Parameter
Edit Parameter
Edit Parameter
Edit Parameter
Undo Edit Parameter
Edit Parameter
Undo Edit Parameter
Edit Parameter
Undo Edit Parameter
Edit Parameter
Edit Parameter
Edit Parameter
Edit Parameter
Edit Parameter
Undo Edit Parameter
Edit Parameter
Remove Keyframes
Undo Remove Keyframes
Move Keyframes
Move Keyframes
Trim
Undo Trim
Edit Parameter
Edit Parameter
Undo Edit Parameter
Effect Disabled
Effect Enabled
Edit Parameter
Edit Parameter
Edit Parameter
Edit Parameter
Edit Parameter
Edit Parameter
Edit Parameter
Edit Parameter
Edit Parameter
Edit Parameter
Undo Edit Parameter
Edit Parameter
Edit Parameter
Edit Parameter
Edit Parameter
Edit Parameter
Edit Parameter
Remove Keyframes
Delete
Trim
Trim
Edit Parameter
Undo Edit Parameter
Edit Parameter
Undo Edit Parameter
Edit Parameter
Undo Edit Parameter
Add Menu Markers
Edit Parameter
Edit Parameter
Undo Edit Parameter
Edit Parameter
Edit Parameter
Edit Parameter
Delete
Trim
Undo Trim
Undo Delete
Delete
Trim
Disable Items
Undo Disable Items
Disable Items
Disable Items
Edit Parameter
Edit Parameter
Edit Parameter
Edit Parameter
Edit Parameter
Undo Edit Parameter
Undo Edit Parameter
Edit Parameter
Edit Parameter
Edit Parameter
Disable Items
Undo Disable Items
Disable Items
Disable Items
Edit Parameter
Edit Parameter
Edit Parameter
Edit Parameter
Edit Parameter
Edit Parameter
Edit Parameter
Move Keyframes
Enable Items
Undo Enable Items
Enable Items
Edit Parameter
Edit Parameter
Edit Parameter
Edit Parameter
Edit Parameter
Edit Parameter
Edit Parameter
Edit Parameter
Edit Parameter
Edit Parameter
Move Parameter Segment
Remove Keyframes
Remove Keyframes
Remove Keyframes
Move Keyframes
Move Keyframes
Apply Effect Preset
Group Clips
Ripple Trim
Add Media
Insert
Delete
Ripple Trim
Ripple Trim
Lift & Insert Selection
Split Clip
Delete
Split Clip
Delete
Lift & Insert Selection
Lift & Insert Selection
Lift & Insert Selection
Undo Lift & Insert Selection
Lift & Insert Selection
Lift & Insert Selection
Lift & Insert Selection
Fade Out Video
Lift & Insert Selection
Split Clip
Delete
Delete
Delete
Delete
Paste
Lift & Insert Selection
Lift & Insert Selection
Ripple Trim
Paste
Lift & Insert Selection
Paste
Lift & Insert Selection
Lift & Insert Selection
Paste
Lift & Insert Selection
Ripple Trim
Lift & Insert Selection
Ripple Trim
Ripple Trim
Ripple Trim
Ripple Trim
Ripple Trim
Lift & Insert Selection
Delete
Delete
Lift & Insert Selection
Delete
Add Media
Insert
Lift & Insert Selection
Trim
Delete
Undo Delete
Undo Trim
Undo Lift & Insert Selection
Undo Insert
Undo Add Media
Redo Add Media
Redo Insert
Redo Lift & Insert Selection
Redo Trim
Undo Trim
Undo Lift & Insert Selection
Undo Insert
Undo Add Media
Undo Delete
Redo Delete
Redo Add Media
Redo Insert
Redo Lift & Insert Selection
Redo Trim
Redo Delete
Paste
Undo Paste
Paste
Undo Paste
Redo Paste
Undo Paste
Undo Delete
Undo Trim
Undo Lift & Insert Selection
Undo Insert
Undo Add Media
Undo Delete
Undo Lift & Insert Selection
Undo Delete
Undo Delete
Undo Lift & Insert Selection
Undo Ripple Trim
Undo Ripple Trim
Undo Ripple Trim
Undo Ripple Trim
Undo Ripple Trim
Undo Lift & Insert Selection
Undo Ripple Trim
Redo Ripple Trim
Redo Lift & Insert Selection
Redo Ripple Trim
Redo Ripple Trim
Redo Ripple Trim
Redo Ripple Trim
Redo Ripple Trim
Redo Lift & Insert Selection
Redo Delete
Redo Delete
Redo Lift & Insert Selection
Redo Delete
Redo Add Media
Redo Insert
Redo Lift & Insert Selection
Redo Trim
Redo Delete
Redo Paste
Paste
Undo Paste
Lift & Insert Selection
Delete
Delete
Fade Out Video
Fade In Video
 ** GSA Application 2014 ** 
Add Media
Create Slideshow
Delete
Add Media
Insert
Add Tracks
Lift & Insert Selection
Undo Lift & Insert Selection
Add Tracks
Lift & Insert Selection
Delete and Close Gap
Lift & Insert Selection
Split Clip
Delete
Lift & Insert Selection
Insert
Undo Insert
Undo Lift & Insert Selection
Undo Delete
Undo Split Clip
Undo Lift & Insert Selection
Undo Delete and Close Gap
Undo Lift & Insert Selection
Lift & Insert Selection
Delete and Close Gap
Lift & Insert Selection
Split Clip
Split Clip
Delete
Lift & Insert Selection
Split Clip
Delete
Lift & Insert Selection
 ** Google Internship-1 ** 
 ** My new video project2-1 ** 
 ** Google Internship-1 ** 
 ** My new video project2-1 ** 
 ** Google Internship ** 
Type tool (Default Text)
Split Clip
Type tool (Default Text)
Type tool (Default Text)
Type tool (Default Text)
Disable Items
Lift & Insert Selection
Disable Items
Disable Items
Edit Parameter
Type tool (Default Text)
Type tool (Default Text)
Type tool (Default Text)
Selection Tool (Default Text)
Add Media
Insert
Undo Insert
Add Media
Insert
Split Clip
Delete
Undo Delete
Undo Split Clip
Unlink
Split Clip
Disable Items
Undo Disable Items
Disable Items
Undo Disable Items
Undo Split Clip
Redo Split Clip
Undo Split Clip
Split Clip
Split Clip
Disable Items
Ripple Trim
Undo Ripple Trim
Ripple Trim
Undo Ripple Trim
Lift & Insert Selection
Delete and Close Gap
Enable Items
Add Media
Insert
Split Clip
Delete
Split Clip
Delete
Lift & Insert Selection
Lift & Insert Selection
Lift & Insert Selection
Fade In Video
Fade Out Video
Fade In Video
Disable Items
 ** My new video project1-1 ** 
 ** My new video project2 ** 
 ** My new video project2 ** 
 ** My new video project1-1 ** 
Edit Parameter
Edit Parameter
Edit Parameter
Undo Edit Parameter
Edit Parameter
Edit Parameter
Undo Edit Parameter
Undo Edit Parameter
Edit Parameter
Edit Parameter
Edit Parameter
Undo Edit Parameter
Undo Edit Parameter
Undo Edit Parameter
Edit Parameter
Undo Edit Parameter
Undo Edit Parameter
Undo Edit Parameter
Disable Items
Undo Disable Items
Edit Parameter
Edit Parameter
Edit Parameter
Edit Parameter
Edit Parameter
Edit Parameter
Edit Parameter
Edit Parameter
Edit Parameter
Edit Parameter
Edit Parameter
Edit Parameter
Edit Parameter
Edit Parameter
Edit Parameter
Edit Parameter
Undo Edit Parameter
Undo Edit Parameter
Undo Edit Parameter
Undo Edit Parameter
Undo Edit Parameter
Undo Edit Parameter
Undo Edit Parameter
Redo Edit Parameter
Redo Edit Parameter
Redo Edit Parameter
Redo Edit Parameter
Redo Edit Parameter
Redo Edit Parameter
Redo Edit Parameter
Undo Edit Parameter
Insert
Delete
Move Parameter Segment
Undo Move Parameter Segment
Lift & Insert Selection
Delete
Remove Keyframes
Remove Keyframes
Remove Keyframes
Remove Keyframes
Remove Keyframes
Remove Keyframes
Remove Keyframes
Remove Keyframes
Remove Keyframes
Remove Keyframes
Remove Keyframes
Move Parameter Segment
Remove Keyframes
Undo Remove Keyframes
Remove Keyframes
Remove Keyframes
Remove Keyframes
Remove Keyframes
Remove Keyframes
Move Parameter Segment
Move Keyframes
Edit Parameter
Edit Parameter
Undo Edit Parameter
Edit Parameter
Edit Parameter
Edit Parameter
Edit Parameter
Edit Parameter
Edit Parameter
Edit Parameter
Edit Parameter
Edit Parameter
Edit Parameter
Edit Parameter
Edit Parameter
Edit Parameter
Edit Parameter
Edit Parameter
Edit Parameter
Delete
Delete
Delete
Delete
Lift & Insert Selection
Undo Lift & Insert Selection
Redo Lift & Insert Selection
Edit Parameter
Undo Edit Parameter
Remove Keyframes
Remove Keyframes
Remove Keyframes
Edit Parameter
Edit Parameter
Edit Parameter
Undo Edit Parameter
Edit Parameter
Edit Parameter
Edit Parameter
Edit Parameter
Edit Parameter
Edit Parameter
Edit Parameter
Undo Edit Parameter
Undo Edit Parameter
Redo Edit Parameter
Redo Edit Parameter
Undo Edit Parameter
Edit Parameter
Edit Parameter
Edit Parameter
Edit Parameter
Edit Parameter
Edit Parameter
Edit Parameter
Edit Parameter
Undo Edit Parameter
Undo Edit Parameter
Undo Edit Parameter
Undo Edit Parameter
Undo Edit Parameter
Delete
Trim
Delete
Trim
Undo Trim
Undo Delete
Remove Keyframes
Remove Keyframes
Undo Remove Keyframes
Remove Keyframes
Remove Keyframes
Remove Keyframes
Lift & Insert Selection
Undo Lift & Insert Selection
Lift & Insert Selection
Undo Lift & Insert Selection
Delete
Edit Parameter
Move Parameter Segment
Undo Move Parameter Segment
Remove Keyframes
Undo Remove Keyframes
Move Keyframes
Move Keyframes
Move Keyframes
Move Keyframes
Move Keyframes
Edit Parameter
Undo Edit Parameter
Edit Parameter
Edit Parameter
Edit Parameter
Edit Parameter
Edit Parameter
Remove Keyframes
Move Parameter Segment
Move Parameter Segment
Edit Parameter
Undo Edit Parameter
Undo Move Parameter Segment
Undo Move Parameter Segment
Undo Remove Keyframes
Remove Keyframes
Edit Parameter
Remove Keyframes
Remove Keyframes
Edit Parameter
Undo Edit Parameter
Undo Remove Keyframes
Redo Remove Keyframes
Move Parameter Segment
Remove Keyframes
Remove Keyframes
Remove Keyframes
Move Parameter Segment
Remove Keyframes
Remove Keyframes
Move Parameter Segment
Edit Parameter
Edit Parameter
Edit Parameter
Edit Parameter
Edit Parameter
Edit Parameter
Edit Parameter
Edit Parameter
Edit Parameter
Edit Parameter
Undo Edit Parameter
Edit Parameter
Edit Parameter
Edit Parameter
Edit Parameter
Edit Parameter
Edit Parameter
Edit Parameter
Edit Parameter
Edit Parameter
Edit Parameter
Edit Parameter
Edit Parameter
Edit Parameter
Edit Parameter
Undo Edit Parameter
Remove Keyframes
Remove Keyframes
Move Keyframes
Remove Keyframes
Move Parameter Segment
Move Parameter Segment
Delete
Move Parameter Segment
Move Parameter Segment
Delete
Edit Parameter
Edit Parameter
Edit Parameter
Edit Parameter
Edit Parameter
Edit Parameter
Edit Parameter
Edit Parameter
Edit Parameter
Edit Parameter
Edit Parameter
Undo Edit Parameter
Edit Parameter
Undo Edit Parameter
Edit Parameter
Edit Parameter
Edit Parameter
Edit Parameter
Disable Items
Disable Items
Disable Items
Enable Items
Disable Items
Undo Disable Items
Undo Enable Items
Undo Disable Items
Undo Disable Items
Redo Disable Items
Redo Disable Items
Undo Disable Items
Disable Items
Undo Disable Items
Add Media
Insert
Undo Insert
Add Media
Insert
Unlink
Delete
Undo Delete
Delete
Trim
Lift & Insert Selection
Trim
Lift & Insert Selection
Lift & Insert Selection
Trim
Lift & Insert Selection
Trim
Lift & Insert Selection
Trim
Lift & Insert Selection
Trim
Undo Trim
Undo Lift & Insert Selection
Undo Trim
Undo Lift & Insert Selection
Undo Trim
Undo Lift & Insert Selection
Undo Trim
Undo Lift & Insert Selection
Undo Lift & Insert Selection
Undo Trim
Undo Lift & Insert Selection
Redo Lift & Insert Selection
Undo Lift & Insert Selection
Undo Trim
Redo Trim
Undo Trim
Undo Delete
Redo Delete
Lift & Insert Selection
Lift & Insert Selection
Undo Lift & Insert Selection
Lift & Insert Selection
Split Clip
Delete
Split Clip
Delete
Lift & Insert Selection
Lift & Insert Selection
Lift & Insert Selection
Trim
Undo Trim
Add Media
Insert
Undo Insert
Redo Insert
Move Parameter Segment
Lift & Insert Selection
Delete and Close Gap
Lift & Insert Selection
Trim
Edit Parameter
Undo Edit Parameter
Redo Edit Parameter
Remove Keyframes
Move Parameter Segment
Edit Parameter
Undo Edit Parameter
Disable Items
Add Media
Insert
Edit TitleDefault Text (Default Text)
Selection Tool (Default Text)
Selection Tool (Default Text)
Type tool (Default Text)
Type tool (Default Text)
Selection Tool (Default Text)
Selection Tool (Default Text)
Selection Tool (Default Text)
Selection Tool (Default Text)
Undo Selection Tool (Default Text)
Undo Selection Tool (Default Text)
Undo Selection Tool (Default Text)
Undo Selection Tool (Default Text)
Undo Type tool (Default Text)
Undo Type tool (Default Text)
Undo Selection Tool (Default Text)
Undo Selection Tool (Default Text)
Undo Edit TitleDefault Text (Default Text)
Undo Insert
Undo Add Media
Undo Disable Items
Edit Parameter
Undo Edit Parameter
Edit Parameter
Edit Parameter
Edit Parameter
Edit Parameter
Edit Parameter
Edit Parameter
Edit Parameter
Edit Parameter
Edit Parameter
Edit Parameter
Edit Parameter
Move Parameter Segment
Move Parameter Segment
Move Parameter Segment
Edit Parameter
Edit Parameter
Trim
Lift & Insert Selection
Move Parameter Segment
Lift & Insert Selection
Trim
Trim
Undo Trim
Undo Trim
Undo Lift & Insert Selection
Undo Move Parameter Segment
Undo Lift & Insert Selection
Undo Trim
Undo Edit Parameter
Undo Edit Parameter
Undo Move Parameter Segment
Undo Move Parameter Segment
Undo Move Parameter Segment
Undo Edit Parameter
Undo Edit Parameter
Undo Edit Parameter
Redo Edit Parameter
Redo Edit Parameter
Redo Edit Parameter
Redo Move Parameter Segment
Redo Move Parameter Segment
Redo Move Parameter Segment
Redo Edit Parameter
Redo Edit Parameter
Redo Trim
Redo Lift & Insert Selection
Redo Move Parameter Segment
Redo Lift & Insert Selection
Redo Trim
Redo Trim
Move Parameter Segment
Undo Move Parameter Segment
Move Parameter Segment
Undo Move Parameter Segment
Remove Keyframes
Move Parameter Segment
Trim
Undo Trim
Redo Trim
Undo Trim
Ripple Trim
Lift & Insert Selection
Add Media
Insert
Ripple Trim
Lift & Insert Selection
Ripple Trim
Edit Parameter
Edit Parameter
Edit Parameter
Edit Parameter
Edit Parameter
Edit Parameter
Lift & Insert Selection
Ripple Trim
Ripple Trim
Lift & Insert Selection
Lift & Insert Selection
Insert
Undo Insert
Delete and Close Gap
Add Media
Insert
Ripple Trim
Ripple Trim
Delete and Close Gap
Lift & Insert Selection
Lift & Insert Selection
Lift & Insert Selection
Edit Parameter
Edit Parameter
Edit Parameter
Edit Parameter
Edit Parameter
Edit Parameter
Edit Parameter
Edit Parameter
Edit Parameter
Edit Parameter
Edit Parameter
Edit Parameter
Edit Parameter
Edit Parameter
Edit Parameter
Edit Parameter
Lift & Insert Selection
Edit Parameter
Edit Parameter
Edit Parameter
Edit Parameter
Disable Items
Lift & Insert Selection
Delete
Delete
Edit Parameter
Edit Parameter
Edit Parameter
Delete
Edit Parameter
Delete
Edit Parameter
Edit Parameter
Edit Parameter
Edit Parameter
Edit Parameter
Edit Parameter
Edit Parameter
Edit Parameter
Edit Parameter
Edit Parameter
Remove Keyframes
Remove Keyframes
Edit Parameter
Undo Edit Parameter
Undo Remove Keyframes
Undo Remove Keyframes
Redo Remove Keyframes
Redo Remove Keyframes
Edit Parameter
Edit Parameter
Edit Parameter
Remove Filter
Undo Remove Filter
Edit Parameter
Edit Parameter
Edit Parameter
Edit Parameter
Move Parameter Segment
Undo Move Parameter Segment
Move Parameter Segment
Move Parameter Segment
Move Parameter Segment
Undo Move Parameter Segment
Undo Move Parameter Segment
Undo Move Parameter Segment
Undo Edit Parameter
Redo Edit Parameter
Move Parameter Segment
Move Parameter Segment
Move Parameter Segment
Move Parameter Segment
Undo Move Parameter Segment
Undo Move Parameter Segment
Undo Move Parameter Segment
Undo Move Parameter Segment
Undo Edit Parameter
Redo Edit Parameter
Undo Edit Parameter
Ungroup Clips
Effect Disabled
Remove Filter
Add Media to Organizer
Reset SmartFix
Edit Parameter
Apply Effect Preset
Edit Parameter
Edit Parameter
Edit Parameter
Remove Filter
Remove Filter
Undo Remove Filter
Undo Remove Filter
Redo Remove Filter
Redo Remove Filter
Undo Remove Filter
Undo Remove Filter
Edit Parameter
Edit Parameter
Edit Parameter
Undo Edit Parameter
Undo Edit Parameter
Undo Edit Parameter
Undo Edit Parameter
Undo Edit Parameter
Undo Edit Parameter
Undo Apply Effect Preset
Undo Edit Parameter
Undo Reset SmartFix
Undo Add Media to Organizer
Undo Remove Filter
Undo Effect Disabled
Undo Ungroup Clips
Undo Edit Parameter
Undo Edit Parameter
Undo Edit Parameter
Undo Edit Parameter
Undo Edit Parameter
Undo Edit Parameter
Undo Remove Keyframes
Undo Remove Keyframes
Undo Edit Parameter
Redo Edit Parameter
Redo Remove Keyframes
Redo Remove Keyframes
Redo Edit Parameter
Redo Edit Parameter
Redo Edit Parameter
Redo Edit Parameter
Redo Edit Parameter
Redo Edit Parameter
Undo Edit Parameter
Undo Edit Parameter
Undo Edit Parameter
Undo Edit Parameter
Undo Edit Parameter
Undo Edit Parameter
Undo Remove Keyframes
Undo Remove Keyframes
Undo Edit Parameter
Undo Edit Parameter
Undo Edit Parameter
Undo Edit Parameter
Undo Edit Parameter
Undo Edit Parameter
Undo Edit Parameter
Undo Edit Parameter
Undo Edit Parameter
Undo Edit Parameter
Undo Delete
Redo Delete
Redo Edit Parameter
Redo Edit Parameter
Redo Edit Parameter
Redo Edit Parameter
Redo Edit Parameter
Redo Edit Parameter
Redo Edit Parameter
Redo Edit Parameter
Redo Edit Parameter
Redo Edit Parameter
Redo Remove Keyframes
Redo Remove Keyframes
Redo Edit Parameter
Redo Edit Parameter
Redo Edit Parameter
Redo Edit Parameter
Redo Edit Parameter
Redo Edit Parameter
Redo Ungroup Clips
Redo Effect Disabled
Redo Remove Filter
Redo Add Media to Organizer
Redo Reset SmartFix
Redo Edit Parameter
Redo Apply Effect Preset
Redo Edit Parameter
Redo Edit Parameter
Redo Edit Parameter
Redo Edit Parameter
Redo Edit Parameter
Redo Edit Parameter
Undo Edit Parameter
Remove Keyframes
Remove Keyframes
Remove Keyframes
Remove Keyframes
Remove Keyframes
Undo Remove Keyframes
Redo Remove Keyframes
Move Parameter Segment
Move Parameter Segment
Undo Move Parameter Segment
Reset SmartFix
Apply Auto Smart Tone
Remove Auto Smart Tone
Apply Effect Preset
Reset SmartFix
Apply Effect Preset
Remove Filter
Undo Remove Filter
Edit Parameter
Edit Parameter
Edit Parameter
Edit Parameter
Reset Parameter Values
Undo Reset Parameter Values
Redo Reset Parameter Values
Undo Reset Parameter Values
Reset Parameter Values
Undo Reset Parameter Values
Undo Edit Parameter
Redo Edit Parameter
Edit Parameter
Edit Parameter
Edit Parameter
Undo Edit Parameter
Edit Parameter
Edit Parameter
Edit Parameter
Undo Edit Parameter
Undo Edit Parameter
Undo Edit Parameter
Redo Edit Parameter
Redo Edit Parameter
Undo Edit Parameter
Undo Edit Parameter
Move Parameter Segment
Undo Move Parameter Segment
Undo Edit Parameter
Redo Edit Parameter
Redo Move Parameter Segment
Undo Move Parameter Segment
Edit Parameter
Edit Parameter
Undo Edit Parameter
Undo Edit Parameter
Undo Edit Parameter
Enable Items
Disable Items
Undo Disable Items
Undo Enable Items
Redo Enable Items
Redo Disable Items
Apply Effect Preset
Edit Parameter
Edit Parameter
Edit Parameter
Edit Parameter
Edit Parameter
Undo Edit Parameter
Undo Edit Parameter
Undo Edit Parameter
Undo Edit Parameter
Undo Edit Parameter
Undo Apply Effect Preset
Undo Disable Items
Redo Disable Items
Redo Apply Effect Preset
Reset Parameter Values
Edit Parameter
Edit Parameter
Undo Edit Parameter
Undo Edit Parameter
Undo Reset Parameter Values
Redo Reset Parameter Values
Undo Reset Parameter Values
Undo Apply Effect Preset
Undo Disable Items
Redo Disable Items
Redo Apply Effect Preset
Redo Reset Parameter Values
Undo Reset Parameter Values
Edit Parameter
Undo Edit Parameter
Edit Parameter
Edit Parameter
Edit Parameter
Undo Edit Parameter
Edit Parameter
Edit Parameter
Edit Parameter
Edit Parameter
Edit Parameter
Edit Parameter
Edit Parameter
Edit Parameter
Edit Parameter
Edit Parameter
Undo Edit Parameter
Undo Edit Parameter
Redo Edit Parameter
Apply Effect Preset
Edit Parameter
Edit Parameter
Edit Parameter
Edit Parameter
Undo Edit Parameter
Undo Edit Parameter
Undo Edit Parameter
Undo Edit Parameter
Undo Apply Effect Preset
Redo Apply Effect Preset
Redo Edit Parameter
Redo Edit Parameter
Redo Edit Parameter
Undo Edit Parameter
Redo Edit Parameter
Redo Edit Parameter
Undo Edit Parameter
Apply Effect Preset
Edit Parameter
Edit Parameter
Edit Parameter
Edit Parameter
Edit Parameter
Undo Edit Parameter
Undo Edit Parameter
Undo Edit Parameter
Undo Edit Parameter
Undo Edit Parameter
Redo Edit Parameter
Redo Edit Parameter
Undo Edit Parameter
Redo Edit Parameter
Edit Parameter
Undo Edit Parameter
Edit Parameter
Edit Parameter
Edit Parameter
Apply Effect Preset
Edit Parameter
Edit Parameter
Edit Parameter
Edit Parameter
Edit Parameter
Edit Parameter
Edit Parameter
Undo Edit Parameter
Edit Parameter
Edit Parameter
Edit Parameter
Edit Parameter
Edit Parameter
Edit Parameter
Edit Parameter
Edit Parameter
Edit Parameter
Undo Edit Parameter
Redo Edit Parameter
Edit Parameter
Edit Parameter
Edit Parameter
Undo Edit Parameter
Add Adjustment Layer
Apply Effect Preset
Undo Apply Effect Preset
Apply Effect Preset
Edit Parameter
Undo Edit Parameter
Undo Apply Effect Preset
Undo Add Adjustment Layer
Redo Add Adjustment Layer
Apply Effect
Undo Apply Effect
Apply Effect Preset
Undo Apply Effect Preset
Undo Add Adjustment Layer
Edit Parameter
Undo Edit Parameter
Edit Parameter
Undo Edit Parameter
Edit Parameter
Undo Edit Parameter
Edit Parameter
Edit Parameter
Edit Parameter
Reset Parameter Values
Edit Parameter
Edit Parameter
Undo Edit Parameter
Edit Parameter
Edit Parameter
Undo Edit Parameter
Undo Edit Parameter
Undo Edit Parameter
Undo Reset Parameter Values
Undo Edit Parameter
Undo Edit Parameter
Undo Edit Parameter
Undo Edit Parameter
Undo Edit Parameter
Undo Edit Parameter
Undo Edit Parameter
Undo Edit Parameter
Undo Edit Parameter
Undo Edit Parameter
Undo Edit Parameter
Undo Edit Parameter
Undo Edit Parameter
Undo Edit Parameter
Undo Edit Parameter
Undo Edit Parameter
Undo Edit Parameter
Undo Edit Parameter
Undo Edit Parameter
Undo Edit Parameter
Undo Apply Effect Preset
Undo Edit Parameter
Undo Edit Parameter
Undo Edit Parameter
Undo Edit Parameter
Undo Edit Parameter
Undo Apply Effect Preset
Undo Edit Parameter
Remove Filters
Reset SmartFix
Apply Effect Preset
Edit Parameter
Edit Parameter
Edit Parameter
Remove Filters
Edit Parameter
Edit Parameter
Undo Edit Parameter
Undo Edit Parameter
Edit Parameter
Undo Edit Parameter
Edit Parameter
Undo Edit Parameter
Edit Parameter
Edit Parameter
Edit Parameter
Undo Edit Parameter
Undo Edit Parameter
Redo Edit Parameter
Undo Edit Parameter
Undo Edit Parameter
Edit Parameter
Edit Parameter
Edit Parameter
Undo Edit Parameter
Edit Parameter
Undo Edit Parameter
Undo Edit Parameter
Edit Parameter
Edit Parameter
Edit Parameter
Edit Parameter
Edit Parameter
Undo Edit Parameter
Undo Edit Parameter
Undo Edit Parameter
Undo Edit Parameter
Effect Disabled
Effect Enabled
Reset Parameter Values
Undo Reset Parameter Values
Edit Parameter
Undo Edit Parameter
Redo Edit Parameter
Reset Parameter Values
Edit Parameter
Edit Parameter
Edit Parameter
Apply Effect Preset
Edit Parameter
Edit Parameter
Edit Parameter
Set Parameter Time Varying
Set Parameter Time Varying
Set Parameter Time Varying
Set Parameter Time Varying
Set Parameter Time Varying
Clear Parameter Time Varying
Clear Parameter Time Varying
Clear Parameter Time Varying
Clear Parameter Time Varying
Clear Parameter Time Varying
Edit Parameter
Effect Disabled
Effect Enabled
Edit Parameter
Undo Edit Parameter
Undo Effect Enabled
Redo Effect Enabled
Undo Effect Enabled
Undo Effect Disabled
Undo Edit Parameter
Undo Clear Parameter Time Varying
Undo Clear Parameter Time Varying
Undo Clear Parameter Time Varying
Undo Clear Parameter Time Varying
Undo Clear Parameter Time Varying
Undo Set Parameter Time Varying
Redo Set Parameter Time Varying
Redo Clear Parameter Time Varying
Undo Clear Parameter Time Varying
Redo Clear Parameter Time Varying
Redo Clear Parameter Time Varying
Redo Clear Parameter Time Varying
Redo Clear Parameter Time Varying
Redo Clear Parameter Time Varying
Redo Edit Parameter
Redo Effect Disabled
Redo Effect Enabled
Undo Effect Enabled
Redo Effect Enabled
Redo Edit Parameter
Remove Filters
Smart Trim
Edit Parameter
Undo Edit Parameter
Undo Smart Trim
Delete
Ripple Trim
Toggle Smart Trim Selection
Toggle Smart Trim Selection
Select All Sections
Undo Select All Sections
Undo Toggle Smart Trim Selection
Undo Toggle Smart Trim Selection
Undo Ripple Trim
Undo Delete
Undo Remove Filters
Undo Edit Parameter
Undo Effect Enabled
Redo Effect Enabled
Redo Edit Parameter
Redo Remove Filters
Redo Delete
Redo Ripple Trim
Toggle Smart Trim Selection
Toggle Smart Trim Selection
Select All Sections
Exclude
Undo Exclude
Undo Select All Sections
Undo Toggle Smart Trim Selection
Undo Toggle Smart Trim Selection
Undo Ripple Trim
Undo Delete
Undo Remove Filters
Undo Edit Parameter
Undo Effect Enabled
Undo Effect Disabled
Undo Edit Parameter
Undo Clear Parameter Time Varying
Undo Clear Parameter Time Varying
Undo Clear Parameter Time Varying
Undo Clear Parameter Time Varying
Undo Clear Parameter Time Varying
Undo Set Parameter Time Varying
Undo Set Parameter Time Varying
Undo Set Parameter Time Varying
Undo Set Parameter Time Varying
Undo Set Parameter Time Varying
Undo Edit Parameter
Undo Edit Parameter
Redo Edit Parameter
Redo Edit Parameter
Redo Set Parameter Time Varying
Redo Set Parameter Time Varying
Redo Set Parameter Time Varying
Redo Set Parameter Time Varying
Redo Set Parameter Time Varying
Redo Clear Parameter Time Varying
Redo Clear Parameter Time Varying
Redo Clear Parameter Time Varying
Redo Clear Parameter Time Varying
Redo Clear Parameter Time Varying
Redo Edit Parameter
Redo Effect Disabled
Redo Effect Enabled
Redo Edit Parameter
Redo Remove Filters
Redo Delete
Redo Ripple Trim
Undo Ripple Trim
Undo Delete
Undo Remove Filters
Undo Edit Parameter
Undo Effect Enabled
Undo Effect Disabled
Undo Edit Parameter
Undo Clear Parameter Time Varying
Undo Clear Parameter Time Varying
Undo Clear Parameter Time Varying
Undo Clear Parameter Time Varying
Undo Clear Parameter Time Varying
Undo Set Parameter Time Varying
Undo Set Parameter Time Varying
Undo Set Parameter Time Varying
Undo Set Parameter Time Varying
Undo Set Parameter Time Varying
Undo Edit Parameter
Undo Edit Parameter
Undo Edit Parameter
Redo Edit Parameter
Redo Edit Parameter
Redo Edit Parameter
Redo Set Parameter Time Varying
Redo Set Parameter Time Varying
Redo Set Parameter Time Varying
Redo Set Parameter Time Varying
Redo Set Parameter Time Varying
Redo Clear Parameter Time Varying
Redo Clear Parameter Time Varying
Redo Clear Parameter Time Varying
Redo Clear Parameter Time Varying
Redo Clear Parameter Time Varying
Redo Edit Parameter
Redo Effect Disabled
Redo Effect Enabled
Redo Edit Parameter
Redo Remove Filters
Redo Delete
Redo Ripple Trim
Redo Toggle Smart Trim Selection
Redo Toggle Smart Trim Selection
Redo Select All Sections
Toggle Smart Trim Selection
Select All Sections
Exclude
Exclude
Exclude
Exclude
Exclude
Exclude
Exclude
Exclude
Exclude
Toggle Smart Trim Selection
Toggle Smart Trim Selection
Exclude
Exclude
Exclude
Exclude
Undo Exclude
Redo Exclude
Remove Keyframes
Remove Keyframes
Move Parameter Segment
Enable Items
Undo Enable Items
Undo Move Parameter Segment
Undo Remove Keyframes
Undo Remove Keyframes
Undo Exclude
Undo Exclude
Undo Exclude
Undo Exclude
Undo Toggle Smart Trim Selection
Undo Toggle Smart Trim Selection
Undo Exclude
Undo Exclude
Undo Exclude
Undo Exclude
Undo Exclude
Undo Exclude
Undo Exclude
Undo Exclude
Undo Exclude
Undo Select All Sections
Undo Toggle Smart Trim Selection
Undo Select All Sections
Undo Toggle Smart Trim Selection
Undo Toggle Smart Trim Selection
Undo Ripple Trim
Undo Delete
Redo Delete
Redo Ripple Trim
Redo Toggle Smart Trim Selection
Redo Toggle Smart Trim Selection
Redo Select All Sections
Redo Toggle Smart Trim Selection
Redo Select All Sections
Redo Exclude
Redo Exclude
Redo Exclude
Redo Exclude
Redo Exclude
Redo Exclude
Redo Exclude
Redo Exclude
Redo Exclude
Redo Toggle Smart Trim Selection
Redo Toggle Smart Trim Selection
Redo Exclude
Redo Exclude
Redo Exclude
Redo Exclude
Redo Remove Keyframes
Redo Remove Keyframes
Redo Move Parameter Segment
Redo Enable Items
Remove Filters
Apply Effect Preset
Edit Parameter
Edit Parameter
Edit Parameter
Effect Disabled
Effect Enabled
Edit Parameter
Edit Parameter
Undo Edit Parameter
Edit Parameter
Edit Parameter
Undo Edit Parameter
Edit Parameter
Undo Edit Parameter
Edit Parameter
Edit Parameter
Enable Items
Fade Out Video
Undo Fade Out Video
Fade In Video
Undo Fade In Video
Edit Parameter
Edit Parameter
Edit Parameter
Edit Parameter
Undo Edit Parameter
Edit Parameter
Undo Edit Parameter
Undo Edit Parameter
Edit Parameter
Edit Parameter
Edit Parameter
Edit Parameter
Remove Keyframes
Remove Keyframes
Remove Keyframes
Remove Keyframes
Set Menu Marker Time
Split Clip
Fade In Video
Edit Parameter
Undo Edit Parameter
Move Keyframes
Remove Menu Marker
Undo Remove Menu Marker
Undo Move Keyframes
Undo Fade In Video
Undo Split Clip
Add Keyframe
Move Control Point
Move Control Point
Set Linear Interpolation Mode
Remove Keyframes
Edit Parameter
Undo Edit Parameter
Delete
Undo Delete
Delete
Remove Keyframes
Move Parameter Segment
Edit Parameter
Edit Parameter
Edit Parameter
Edit Parameter
Edit Parameter
Edit Parameter
Edit Parameter
Edit Parameter
Edit Parameter
Edit Parameter
Edit Parameter
Edit Parameter
Edit Parameter
Edit Parameter
Edit Parameter
Edit Parameter
Edit Parameter
Edit Parameter
Edit Parameter
Lift & Insert Selection
Remove Keyframes
Remove Keyframes
Lift & Insert Selection
Edit Parameter
Edit Parameter
Undo Edit Parameter
Redo Edit Parameter
Undo Edit Parameter
Edit Parameter
Undo Edit Parameter
Edit Parameter
Lift & Insert Selection
Lift & Insert Selection
Remove Keyframes
Move Parameter Segment
Move Parameter Segment
Edit Parameter
Undo Edit Parameter
Edit Parameter
Delete
Edit Parameter
Edit Parameter
Edit Parameter
Edit Parameter
Edit Parameter
Edit Parameter
Edit Parameter
Edit Parameter
Edit Parameter
Edit Parameter
Insert
Lift & Insert Selection
Trim
Edit Parameter
Edit Parameter
Edit Parameter
Edit Parameter
Edit Parameter
Edit Parameter
Edit Parameter
Edit Parameter
Edit Parameter
Edit Parameter
Edit Parameter
Edit Parameter
Edit Parameter
Remove Keyframes
Edit Parameter
Edit Parameter
Lift & Insert Selection
Undo Lift & Insert Selection
Undo Edit Parameter
Edit Parameter
Edit Parameter
Edit Parameter
Edit Parameter
Edit Parameter
Edit Parameter
Edit Parameter
Edit Parameter
Lift & Insert Selection
Paste
Lift & Insert Selection
Trim
Edit Parameter
Edit Parameter
Edit Parameter
Edit Parameter
Edit Parameter
Edit Parameter
Edit Parameter
Edit Parameter
Edit Parameter
Edit Parameter
Edit Parameter
Edit Parameter
Edit Parameter
Edit Parameter
Edit Parameter
Edit Parameter
Edit Parameter
Edit Parameter
Edit Parameter
Edit Parameter
Edit Parameter
Undo Edit Parameter
Undo Edit Parameter
Edit Parameter
Edit Parameter
Edit Parameter
Edit Parameter
Edit Parameter
Edit Parameter
Lift & Insert Selection
Undo Lift & Insert Selection
Redo Lift & Insert Selection
Undo Lift & Insert Selection
Delete
Lift & Insert Selection
Ripple Trim
Edit Parameter
Edit Parameter
Edit Parameter
Edit Parameter
Undo Edit Parameter
Edit Parameter
Edit Parameter
Edit Parameter
Edit Parameter
Edit Parameter
Edit Parameter
Remove Keyframes
Remove Keyframes
Move Parameter Segment
Undo Move Parameter Segment
Undo Remove Keyframes
Edit Parameter
Undo Edit Parameter
Undo Remove Keyframes
Edit Parameter
Undo Edit Parameter
Redo Edit Parameter
Undo Edit Parameter
Remove Keyframes
Apply Auto Smart Tone
Apply Auto Smart Tone
Undo Apply Auto Smart Tone
Undo Apply Auto Smart Tone
Edit Parameter
Edit Parameter
Edit Parameter
Edit Parameter
Edit Parameter
Edit Parameter
Undo Edit Parameter
Edit Parameter
Edit Parameter
Undo Edit Parameter
Edit Parameter
Edit Parameter
Add Media
Insert
Lift & Insert Selection
Type tool (Pan & Zoom_Title)
Edit TitlePan & Zoom_Title (Pan & Zoom_Title)
Selection Tool (Pan & Zoom_Title)
Edit TitlePan & Zoom_Title (Pan & Zoom_Title)
Edit TitlePan & Zoom_Title (Pan & Zoom_Title)
Edit TitlePan & Zoom_Title (Pan & Zoom_Title)
Edit TitlePan & Zoom_Title (Pan & Zoom_Title)
Edit TitlePan & Zoom_Title (Pan & Zoom_Title)
Edit TitlePan & Zoom_Title (Pan & Zoom_Title)
Edit TitlePan & Zoom_Title (Pan & Zoom_Title)
Edit TitlePan & Zoom_Title (Pan & Zoom_Title)
Edit TitlePan & Zoom_Title (Pan & Zoom_Title)
Edit TitlePan & Zoom_Title (Pan & Zoom_Title)
Edit TitlePan & Zoom_Title (Pan & Zoom_Title)
Edit TitlePan & Zoom_Title (Pan & Zoom_Title)
Edit TitlePan & Zoom_Title (Pan & Zoom_Title)
Edit TitlePan & Zoom_Title (Pan & Zoom_Title)
Edit TitlePan & Zoom_Title (Pan & Zoom_Title)
Edit TitlePan & Zoom_Title (Pan & Zoom_Title)
Edit TitlePan & Zoom_Title (Pan & Zoom_Title)
Edit TitlePan & Zoom_Title (Pan & Zoom_Title)
Edit TitlePan & Zoom_Title (Pan & Zoom_Title)
Edit TitlePan & Zoom_Title (Pan & Zoom_Title)
Edit TitlePan & Zoom_Title (Pan & Zoom_Title)
Edit TitlePan & Zoom_Title (Pan & Zoom_Title)
Edit TitlePan & Zoom_Title (Pan & Zoom_Title)
Edit TitlePan & Zoom_Title (Pan & Zoom_Title)
Edit TitlePan & Zoom_Title (Pan & Zoom_Title)
Edit TitlePan & Zoom_Title (Pan & Zoom_Title)
Edit TitlePan & Zoom_Title (Pan & Zoom_Title)
Edit TitlePan & Zoom_Title (Pan & Zoom_Title)
Edit TitlePan & Zoom_Title (Pan & Zoom_Title)
Edit TitlePan & Zoom_Title (Pan & Zoom_Title)
Edit TitlePan & Zoom_Title (Pan & Zoom_Title)
Type tool (Pan & Zoom_Title)
Undo Type tool (Pan & Zoom_Title)
Redo Type tool (Pan & Zoom_Title)
Undo Type tool (Pan & Zoom_Title)
Undo Edit TitlePan & Zoom_Title (Pan & Zoom_Title)
Undo Edit TitlePan & Zoom_Title (Pan & Zoom_Title)
Redo Edit TitlePan & Zoom_Title (Pan & Zoom_Title)
Redo Edit TitlePan & Zoom_Title (Pan & Zoom_Title)
Redo Type tool (Pan & Zoom_Title)
Undo Type tool (Pan & Zoom_Title)
Type tool (Pan & Zoom_Title)
Selection Tool (Pan & Zoom_Title)
Selection Tool (Pan & Zoom_Title)
Type tool (Pan & Zoom_Title)
Edit TitlePan & Zoom_Title (Pan & Zoom_Title)
Edit TitlePan & Zoom_Title (Pan & Zoom_Title)
Type tool (Pan & Zoom_Title)
Edit TitlePan & Zoom_Title (Pan & Zoom_Title)
Selection Tool (Pan & Zoom_Title)
Selection Tool (Pan & Zoom_Title)
Edit TitlePan & Zoom_Title (Pan & Zoom_Title)
Edit TitlePan & Zoom_Title (Pan & Zoom_Title)
Selection Tool (Pan & Zoom_Title)
Trim
Trim
Trim
Type tool (Pan & Zoom_Title)
Edit TitlePan & Zoom_Title (Pan & Zoom_Title)
Selection Tool (Pan & Zoom_Title)
Edit TitlePan & Zoom_Title (Pan & Zoom_Title)
Selection Tool (Pan & Zoom_Title)
Selection Tool (Pan & Zoom_Title)
Add Media
Insert
Apply Effect
Undo Apply Effect
Edit Parameter
Edit Parameter
Edit Parameter
Edit Parameter
Edit Parameter
Edit Parameter
Edit Parameter
Edit Parameter
Edit Parameter
Trim
Trim
Edit Parameter
Edit Parameter
Edit Parameter
Edit Parameter
Edit Parameter
Edit Parameter
Undo Edit Parameter
Edit Parameter
Undo Edit Parameter
Edit Parameter
Edit Parameter
Undo Edit Parameter
Selection Tool (Pan & Zoom_Title)
Edit Parameter
Edit Parameter
Edit Parameter
Edit Parameter
Edit Parameter
Edit Parameter
Edit Parameter
Selection Tool (Pan & Zoom_Title)
Selection Tool (Pan & Zoom_Title)
Edit Parameter
Edit Parameter
Edit Parameter
Undo Edit Parameter
Edit Parameter
Edit Parameter
Edit Parameter
Edit Parameter
Edit Parameter
Edit Parameter
Edit Parameter
Edit Parameter
Edit Parameter
Edit Parameter
Edit Parameter
Edit Parameter
Edit Parameter
Edit Parameter
Edit Parameter
Edit Parameter
Delete
Trim
Edit Parameter
Edit Parameter
Edit Parameter
Edit Parameter
Edit Parameter
Edit Parameter
